{"/home/travis/build/npmtest/node-npmtest-grunt-mocha/test.js":{"path":"/home/travis/build/npmtest/node-npmtest-grunt-mocha/test.js","s":{"1":2,"2":2,"3":2,"4":2,"5":2,"6":2,"7":2,"8":1,"9":2,"10":2,"11":1,"12":1,"13":1,"14":1,"15":2,"16":2,"17":2,"18":2,"19":1,"20":1,"21":2,"22":2,"23":2,"24":1,"25":1,"26":1,"27":1,"28":1,"29":1,"30":1,"31":1,"32":1,"33":1,"34":1,"35":1,"36":1,"37":1,"38":1,"39":2,"40":2,"41":1,"42":2,"43":2,"44":1,"45":2,"46":2,"47":1,"48":2,"49":2,"50":1,"51":1,"52":1,"53":1,"54":1},"b":{"1":[2,1,1,1],"2":[1,1,1,1],"3":[1,1],"4":[1,1],"5":[1,1],"6":[1,1],"7":[1,1],"8":[1,1],"9":[1,1],"10":[1,1,1],"11":[1,1],"12":[1,1],"13":[1,1],"14":[1,1],"15":[1,1],"16":[1,1],"17":[1,1]},"f":{"1":2,"2":2,"3":2,"4":2,"5":2,"6":1,"7":1,"8":1,"9":2,"10":2,"11":2,"12":2,"13":1},"fnMap":{"1":{"name":"(anonymous_1)","line":12,"loc":{"start":{"line":12,"column":1},"end":{"line":12,"column":13}}},"2":{"name":"(anonymous_2)","line":19,"loc":{"start":{"line":19,"column":5},"end":{"line":19,"column":17}}},"3":{"name":"(anonymous_3)","line":23,"loc":{"start":{"line":23,"column":24},"end":{"line":23,"column":36}}},"4":{"name":"(anonymous_4)","line":61,"loc":{"start":{"line":61,"column":5},"end":{"line":61,"column":17}}},"5":{"name":"(anonymous_5)","line":82,"loc":{"start":{"line":82,"column":5},"end":{"line":82,"column":17}}},"6":{"name":"(anonymous_6)","line":91,"loc":{"start":{"line":91,"column":77},"end":{"line":94,"column":10}}},"7":{"name":"(anonymous_7)","line":112,"loc":{"start":{"line":112,"column":83},"end":{"line":115,"column":10}},"skip":true},"8":{"name":"(anonymous_8)","line":123,"loc":{"start":{"line":123,"column":77},"end":{"line":126,"column":10}},"skip":true},"9":{"name":"(anonymous_9)","line":139,"loc":{"start":{"line":139,"column":12},"end":{"line":139,"column":40}},"skip":true},"10":{"name":"(anonymous_10)","line":147,"loc":{"start":{"line":147,"column":77},"end":{"line":150,"column":10}},"skip":true},"11":{"name":"(anonymous_11)","line":158,"loc":{"start":{"line":158,"column":83},"end":{"line":161,"column":10}},"skip":true},"12":{"name":"(anonymous_12)","line":169,"loc":{"start":{"line":169,"column":79},"end":{"line":172,"column":10}},"skip":true},"13":{"name":"(anonymous_13)","line":180,"loc":{"start":{"line":180,"column":75},"end":{"line":183,"column":10}},"skip":true}},"statementMap":{"1":{"start":{"line":12,"column":0},"end":{"line":195,"column":5}},"2":{"start":{"line":14,"column":4},"end":{"line":14,"column":14}},"3":{"start":{"line":19,"column":4},"end":{"line":56,"column":9}},"4":{"start":{"line":21,"column":8},"end":{"line":21,"column":19}},"5":{"start":{"line":23,"column":8},"end":{"line":35,"column":13}},"6":{"start":{"line":24,"column":12},"end":{"line":34,"column":13}},"7":{"start":{"line":25,"column":16},"end":{"line":28,"column":30}},"8":{"start":{"line":30,"column":16},"end":{"line":33,"column":27}},"9":{"start":{"line":37,"column":8},"end":{"line":39,"column":21}},"10":{"start":{"line":40,"column":8},"end":{"line":53,"column":9}},"11":{"start":{"line":43,"column":12},"end":{"line":46,"column":14}},"12":{"start":{"line":47,"column":12},"end":{"line":47,"column":18}},"13":{"start":{"line":50,"column":12},"end":{"line":51,"column":33}},"14":{"start":{"line":52,"column":12},"end":{"line":52,"column":18}},"15":{"start":{"line":55,"column":8},"end":{"line":55,"column":35}},"16":{"start":{"line":61,"column":4},"end":{"line":63,"column":9}},"17":{"start":{"line":62,"column":8},"end":{"line":62,"column":15}},"18":{"start":{"line":64,"column":4},"end":{"line":77,"column":5}},"19":{"start":{"line":70,"column":8},"end":{"line":70,"column":14}},"20":{"start":{"line":76,"column":8},"end":{"line":76,"column":14}},"21":{"start":{"line":82,"column":4},"end":{"line":84,"column":9}},"22":{"start":{"line":83,"column":8},"end":{"line":83,"column":15}},"23":{"start":{"line":85,"column":4},"end":{"line":194,"column":5}},"24":{"start":{"line":91,"column":8},"end":{"line":99,"column":10}},"25":{"start":{"line":98,"column":12},"end":{"line":98,"column":35}},"26":{"start":{"line":102,"column":8},"end":{"line":104,"column":63}},"27":{"start":{"line":105,"column":8},"end":{"line":105,"column":14}},"28":{"start":{"line":112,"column":8},"end":{"line":121,"column":10},"skip":true},"29":{"start":{"line":119,"column":12},"end":{"line":119,"column":55},"skip":true},"30":{"start":{"line":120,"column":12},"end":{"line":120,"column":48},"skip":true},"31":{"start":{"line":123,"column":8},"end":{"line":136,"column":10},"skip":true},"32":{"start":{"line":130,"column":12},"end":{"line":130,"column":76},"skip":true},"33":{"start":{"line":131,"column":12},"end":{"line":131,"column":73},"skip":true},"34":{"start":{"line":132,"column":12},"end":{"line":132,"column":74},"skip":true},"35":{"start":{"line":133,"column":12},"end":{"line":133,"column":79},"skip":true},"36":{"start":{"line":134,"column":12},"end":{"line":134,"column":25},"skip":true},"37":{"start":{"line":135,"column":12},"end":{"line":135,"column":45},"skip":true},"38":{"start":{"line":138,"column":8},"end":{"line":145,"column":14},"skip":true},"39":{"start":{"line":143,"column":16},"end":{"line":143,"column":29},"skip":true},"40":{"start":{"line":144,"column":16},"end":{"line":144,"column":55},"skip":true},"41":{"start":{"line":147,"column":8},"end":{"line":156,"column":10},"skip":true},"42":{"start":{"line":154,"column":12},"end":{"line":154,"column":25},"skip":true},"43":{"start":{"line":155,"column":12},"end":{"line":155,"column":45},"skip":true},"44":{"start":{"line":158,"column":8},"end":{"line":167,"column":10},"skip":true},"45":{"start":{"line":165,"column":12},"end":{"line":165,"column":25},"skip":true},"46":{"start":{"line":166,"column":12},"end":{"line":166,"column":48},"skip":true},"47":{"start":{"line":169,"column":8},"end":{"line":178,"column":10},"skip":true},"48":{"start":{"line":176,"column":12},"end":{"line":176,"column":25},"skip":true},"49":{"start":{"line":177,"column":12},"end":{"line":177,"column":46},"skip":true},"50":{"start":{"line":180,"column":8},"end":{"line":189,"column":10},"skip":true},"51":{"start":{"line":187,"column":12},"end":{"line":187,"column":94},"skip":true},"52":{"start":{"line":188,"column":12},"end":{"line":188,"column":48},"skip":true},"53":{"start":{"line":192,"column":8},"end":{"line":192,"column":35},"skip":true},"54":{"start":{"line":193,"column":8},"end":{"line":193,"column":14},"skip":true}},"branchMap":{"1":{"line":25,"type":"binary-expr","locations":[{"start":{"line":25,"column":23},"end":{"line":25,"column":62}},{"start":{"line":26,"column":20},"end":{"line":26,"column":70}},{"start":{"line":27,"column":20},"end":{"line":27,"column":71}},{"start":{"line":28,"column":20},"end":{"line":28,"column":29}}]},"2":{"line":30,"type":"binary-expr","locations":[{"start":{"line":30,"column":23},"end":{"line":30,"column":37}},{"start":{"line":31,"column":20},"end":{"line":31,"column":61}},{"start":{"line":32,"column":20},"end":{"line":32,"column":70}},{"start":{"line":33,"column":20},"end":{"line":33,"column":26}}]},"3":{"line":37,"type":"cond-expr","locations":[{"start":{"line":38,"column":14},"end":{"line":38,"column":20}},{"start":{"line":39,"column":14},"end":{"line":39,"column":20}}]},"4":{"line":40,"type":"switch","locations":[{"start":{"line":42,"column":8},"end":{"line":47,"column":18}},{"start":{"line":49,"column":8},"end":{"line":52,"column":18}}]},"5":{"line":44,"type":"binary-expr","locations":[{"start":{"line":44,"column":16},"end":{"line":44,"column":44}},{"start":{"line":44,"column":48},"end":{"line":44,"column":66}}]},"6":{"line":50,"type":"binary-expr","locations":[{"start":{"line":50,"column":21},"end":{"line":50,"column":49}},{"start":{"line":50,"column":53},"end":{"line":50,"column":72}}]},"7":{"line":64,"type":"switch","locations":[{"start":{"line":69,"column":4},"end":{"line":70,"column":14}},{"start":{"line":75,"column":4},"end":{"line":76,"column":14}}]},"8":{"line":85,"type":"switch","locations":[{"start":{"line":90,"column":4},"end":{"line":105,"column":14}},{"start":{"line":111,"column":4},"end":{"line":193,"column":14},"skip":true}]},"9":{"line":91,"type":"binary-expr","locations":[{"start":{"line":91,"column":42},"end":{"line":91,"column":73}},{"start":{"line":91,"column":77},"end":{"line":99,"column":9}}]},"10":{"line":102,"type":"binary-expr","locations":[{"start":{"line":102,"column":18},"end":{"line":102,"column":32}},{"start":{"line":103,"column":12},"end":{"line":103,"column":53}},{"start":{"line":104,"column":12},"end":{"line":104,"column":61}}]},"11":{"line":112,"type":"binary-expr","locations":[{"start":{"line":112,"column":45},"end":{"line":112,"column":79},"skip":true},{"start":{"line":112,"column":83},"end":{"line":121,"column":9},"skip":true}]},"12":{"line":123,"type":"binary-expr","locations":[{"start":{"line":123,"column":42},"end":{"line":123,"column":73},"skip":true},{"start":{"line":123,"column":77},"end":{"line":136,"column":9},"skip":true}]},"13":{"line":138,"type":"binary-expr","locations":[{"start":{"line":138,"column":48},"end":{"line":138,"column":85},"skip":true},{"start":{"line":139,"column":12},"end":{"line":145,"column":13},"skip":true}]},"14":{"line":147,"type":"binary-expr","locations":[{"start":{"line":147,"column":42},"end":{"line":147,"column":73},"skip":true},{"start":{"line":147,"column":77},"end":{"line":156,"column":9},"skip":true}]},"15":{"line":158,"type":"binary-expr","locations":[{"start":{"line":158,"column":45},"end":{"line":158,"column":79},"skip":true},{"start":{"line":158,"column":83},"end":{"line":167,"column":9},"skip":true}]},"16":{"line":169,"type":"binary-expr","locations":[{"start":{"line":169,"column":43},"end":{"line":169,"column":75},"skip":true},{"start":{"line":169,"column":79},"end":{"line":178,"column":9},"skip":true}]},"17":{"line":180,"type":"binary-expr","locations":[{"start":{"line":180,"column":41},"end":{"line":180,"column":71},"skip":true},{"start":{"line":180,"column":75},"end":{"line":189,"column":9},"skip":true}]}},"code":["/* istanbul instrument in package npmtest_grunt_mocha */","/*jslint","    bitwise: true,","    browser: true,","    maxerr: 8,","    maxlen: 96,","    node: true,","    nomen: true,","    regexp: true,","    stupid: true","*/","(function () {","    'use strict';","    var local;","","","","    // run shared js-env code - pre-init","    (function () {","        // init local","        local = {};","        // init modeJs","        local.modeJs = (function () {","            try {","                return typeof navigator.userAgent === 'string' &&","                    typeof document.querySelector('body') === 'object' &&","                    typeof XMLHttpRequest.prototype.open === 'function' &&","                    'browser';","            } catch (errorCaughtBrowser) {","                return module.exports &&","                    typeof process.versions.node === 'string' &&","                    typeof require('http').createServer === 'function' &&","                    'node';","            }","        }());","        // init global","        local.global = local.modeJs === 'browser'","            ? window","            : global;","        switch (local.modeJs) {","        // re-init local from window.local","        case 'browser':","            local = local.global.utility2.objectSetDefault(","                local.global.utility2_rollup || local.global.local,","                local.global.utility2","            );","            break;","        // re-init local from example.js","        case 'node':","            local = (local.global.utility2_rollup || require('utility2'))","                .requireReadme();","            break;","        }","        // export local","        local.global.local = local;","    }());","","","","    // run shared js-env code - function","    (function () {","        return;","    }());","    switch (local.modeJs) {","","","","    // run browser js-env code - function","    case 'browser':","        break;","","","","    // run node js-env code - function","    case 'node':","        break;","    }","","","","    // run shared js-env code - post-init","    (function () {","        return;","    }());","    switch (local.modeJs) {","","","","    // run browser js-env code - post-init","    case 'browser':","        local.testCase_browser_nullCase = local.testCase_browser_nullCase || function (","            options,","            onError","        ) {","        /*","         * this function will test browsers's null-case handling-behavior-behavior","         */","            onError(null, options);","        };","","        // run tests","        local.nop(local.modeTest &&","            document.querySelector('#testRunButton1') &&","            document.querySelector('#testRunButton1').click());","        break;","","","","    // run node js-env code - post-init","    /* istanbul ignore next */","    case 'node':","        local.testCase_buildApidoc_default = local.testCase_buildApidoc_default || function (","            options,","            onError","        ) {","        /*","         * this function will test buildApidoc's default handling-behavior-behavior","         */","            options = { modulePathList: module.paths };","            local.buildApidoc(options, onError);","        };","","        local.testCase_buildApp_default = local.testCase_buildApp_default || function (","            options,","            onError","        ) {","        /*","         * this function will test buildApp's default handling-behavior-behavior","         */","            local.testCase_buildReadme_default(options, local.onErrorThrow);","            local.testCase_buildLib_default(options, local.onErrorThrow);","            local.testCase_buildTest_default(options, local.onErrorThrow);","            local.testCase_buildCustomOrg_default(options, local.onErrorThrow);","            options = [];","            local.buildApp(options, onError);","        };","","        local.testCase_buildCustomOrg_default = local.testCase_buildCustomOrg_default ||","            function (options, onError) {","            /*","             * this function will test buildCustomOrg's default handling-behavior","             */","                options = {};","                local.buildCustomOrg(options, onError);","            };","","        local.testCase_buildLib_default = local.testCase_buildLib_default || function (","            options,","            onError","        ) {","        /*","         * this function will test buildLib's default handling-behavior","         */","            options = {};","            local.buildLib(options, onError);","        };","","        local.testCase_buildReadme_default = local.testCase_buildReadme_default || function (","            options,","            onError","        ) {","        /*","         * this function will test buildReadme's default handling-behavior-behavior","         */","            options = {};","            local.buildReadme(options, onError);","        };","","        local.testCase_buildTest_default = local.testCase_buildTest_default || function (","            options,","            onError","        ) {","        /*","         * this function will test buildTest's default handling-behavior","         */","            options = {};","            local.buildTest(options, onError);","        };","","        local.testCase_webpage_default = local.testCase_webpage_default || function (","            options,","            onError","        ) {","        /*","         * this function will test webpage's default handling-behavior","         */","            options = { modeCoverageMerge: true, url: local.serverLocalHost + '?modeTest=1' };","            local.browserTest(options, onError);","        };","","        // run test-server","        local.testRunServer(local);","        break;","    }","}());",""],"l":{"12":2,"14":2,"19":2,"21":2,"23":2,"24":2,"25":2,"30":1,"37":2,"40":2,"43":1,"47":1,"50":1,"52":1,"55":2,"61":2,"62":2,"64":2,"70":1,"76":1,"82":2,"83":2,"85":2,"91":1,"98":1,"102":1,"105":1,"112":1,"119":1,"120":1,"123":1,"130":1,"131":1,"132":1,"133":1,"134":1,"135":1,"138":1,"143":2,"144":2,"147":1,"154":2,"155":2,"158":1,"165":2,"166":2,"169":1,"176":2,"177":2,"180":1,"187":1,"188":1,"192":1,"193":1}},"/home/travis/build/npmtest/node-npmtest-grunt-mocha/lib.npmtest_grunt_mocha.js":{"path":"/home/travis/build/npmtest/node-npmtest-grunt-mocha/lib.npmtest_grunt_mocha.js","s":{"1":2,"2":2,"3":2,"4":2,"5":2,"6":2,"7":2,"8":1,"9":2,"10":2,"11":2,"12":2,"13":1,"14":1,"15":1,"16":1},"b":{"1":[2,1,1,1],"2":[1,1,1,1],"3":[1,1],"4":[2,2],"5":[1,1]},"f":{"1":2,"2":2,"3":2},"fnMap":{"1":{"name":"(anonymous_1)","line":12,"loc":{"start":{"line":12,"column":1},"end":{"line":12,"column":13}}},"2":{"name":"(anonymous_2)","line":19,"loc":{"start":{"line":19,"column":5},"end":{"line":19,"column":17}}},"3":{"name":"(anonymous_3)","line":23,"loc":{"start":{"line":23,"column":24},"end":{"line":23,"column":36}}}},"statementMap":{"1":{"start":{"line":12,"column":0},"end":{"line":53,"column":5}},"2":{"start":{"line":14,"column":4},"end":{"line":14,"column":14}},"3":{"start":{"line":19,"column":4},"end":{"line":52,"column":9}},"4":{"start":{"line":21,"column":8},"end":{"line":21,"column":19}},"5":{"start":{"line":23,"column":8},"end":{"line":35,"column":13}},"6":{"start":{"line":24,"column":12},"end":{"line":34,"column":13}},"7":{"start":{"line":25,"column":16},"end":{"line":28,"column":30}},"8":{"start":{"line":30,"column":16},"end":{"line":33,"column":27}},"9":{"start":{"line":37,"column":8},"end":{"line":39,"column":21}},"10":{"start":{"line":41,"column":8},"end":{"line":41,"column":54}},"11":{"start":{"line":43,"column":8},"end":{"line":43,"column":56}},"12":{"start":{"line":45,"column":8},"end":{"line":51,"column":9}},"13":{"start":{"line":46,"column":12},"end":{"line":46,"column":62}},"14":{"start":{"line":48,"column":12},"end":{"line":48,"column":35}},"15":{"start":{"line":49,"column":12},"end":{"line":49,"column":49}},"16":{"start":{"line":50,"column":12},"end":{"line":50,"column":43}}},"branchMap":{"1":{"line":25,"type":"binary-expr","locations":[{"start":{"line":25,"column":23},"end":{"line":25,"column":62}},{"start":{"line":26,"column":20},"end":{"line":26,"column":70}},{"start":{"line":27,"column":20},"end":{"line":27,"column":71}},{"start":{"line":28,"column":20},"end":{"line":28,"column":29}}]},"2":{"line":30,"type":"binary-expr","locations":[{"start":{"line":30,"column":23},"end":{"line":30,"column":37}},{"start":{"line":31,"column":20},"end":{"line":31,"column":61}},{"start":{"line":32,"column":20},"end":{"line":32,"column":70}},{"start":{"line":33,"column":20},"end":{"line":33,"column":26}}]},"3":{"line":37,"type":"cond-expr","locations":[{"start":{"line":38,"column":14},"end":{"line":38,"column":20}},{"start":{"line":39,"column":14},"end":{"line":39,"column":20}}]},"4":{"line":41,"type":"binary-expr","locations":[{"start":{"line":41,"column":16},"end":{"line":41,"column":44}},{"start":{"line":41,"column":48},"end":{"line":41,"column":53}}]},"5":{"line":45,"type":"if","locations":[{"start":{"line":45,"column":8},"end":{"line":45,"column":8}},{"start":{"line":45,"column":8},"end":{"line":45,"column":8}}]}},"code":["/* istanbul instrument in package npmtest_grunt_mocha */","/*jslint","    bitwise: true,","    browser: true,","    maxerr: 8,","    maxlen: 96,","    node: true,","    nomen: true,","    regexp: true,","    stupid: true","*/","(function () {","    'use strict';","    var local;","","","","    // run shared js-env code - pre-init","    (function () {","        // init local","        local = {};","        // init modeJs","        local.modeJs = (function () {","            try {","                return typeof navigator.userAgent === 'string' &&","                    typeof document.querySelector('body') === 'object' &&","                    typeof XMLHttpRequest.prototype.open === 'function' &&","                    'browser';","            } catch (errorCaughtBrowser) {","                return module.exports &&","                    typeof process.versions.node === 'string' &&","                    typeof require('http').createServer === 'function' &&","                    'node';","            }","        }());","        // init global","        local.global = local.modeJs === 'browser'","            ? window","            : global;","        // init utility2_rollup","        local = local.global.utility2_rollup || local;","        // init lib","        local.local = local.npmtest_grunt_mocha = local;","        // init exports","        if (local.modeJs === 'browser') {","            local.global.utility2_npmtest_grunt_mocha = local;","        } else {","            module.exports = local;","            module.exports.__dirname = __dirname;","            module.exports.module = module;","        }","    }());","}());",""],"l":{"12":2,"14":2,"19":2,"21":2,"23":2,"24":2,"25":2,"30":1,"37":2,"41":2,"43":2,"45":2,"46":1,"48":1,"49":1,"50":1}},"/home/travis/build/npmtest/node-npmtest-grunt-mocha/example.js":{"path":"/home/travis/build/npmtest/node-npmtest-grunt-mocha/example.js","s":{"1":2,"2":2,"3":2,"4":2,"5":2,"6":2,"7":2,"8":1,"9":2,"10":2,"11":2,"12":2,"13":1,"14":2,"15":2,"16":2,"17":2,"18":2,"19":0,"20":2,"21":1,"22":1,"23":1,"24":1,"25":1,"26":0,"27":0,"28":1,"29":1,"30":2,"31":0,"32":0,"33":0,"34":1,"35":2,"36":2,"37":3,"38":3,"39":3,"40":3,"41":0,"42":3,"43":3,"44":3,"45":1,"46":3,"47":1,"48":1,"49":1,"50":1,"51":1,"52":1,"53":1,"54":1,"55":1,"56":1,"57":0,"58":1,"59":6,"60":6,"61":1,"62":2,"63":0,"64":2,"65":1,"66":1,"67":0,"68":0,"69":0,"70":0,"71":0,"72":0,"73":0,"74":0,"75":0,"76":0,"77":0,"78":0,"79":0,"80":0,"81":0,"82":0,"83":0},"b":{"1":[2,1,1,1],"2":[1,1,1,1],"3":[1,1],"4":[2,2],"5":[1,1],"6":[1,1],"7":[2,0],"8":[2,1,1,1,1,1],"9":[0,2,0],"10":[1,1],"11":[2,1,1],"12":[1,0],"13":[0,2],"14":[2,0,0,0,0,0,0],"15":[0,3],"16":[3,0],"17":[1,1],"18":[0,1],"19":[1,2,0,2],"20":[1,0],"21":[1,1],"22":[0,0],"23":[0,0],"24":[0,0],"25":[0,0],"26":[0,0],"27":[0,0],"28":[0,0]},"f":{"1":2,"2":2,"3":2,"4":2,"5":2,"6":2,"7":3,"8":3,"9":3,"10":1,"11":6,"12":0},"fnMap":{"1":{"name":"(anonymous_1)","line":26,"loc":{"start":{"line":26,"column":1},"end":{"line":26,"column":13}}},"2":{"name":"(anonymous_2)","line":33,"loc":{"start":{"line":33,"column":5},"end":{"line":33,"column":17}}},"3":{"name":"(anonymous_3)","line":37,"loc":{"start":{"line":37,"column":24},"end":{"line":37,"column":36}}},"4":{"name":"(anonymous_4)","line":69,"loc":{"start":{"line":69,"column":31},"end":{"line":69,"column":48}},"skip":true},"5":{"name":"(anonymous_5)","line":78,"loc":{"start":{"line":78,"column":26},"end":{"line":78,"column":45}},"skip":true},"6":{"name":"(anonymous_6)","line":123,"loc":{"start":{"line":123,"column":33},"end":{"line":123,"column":48}},"skip":true},"7":{"name":"(anonymous_7)","line":125,"loc":{"start":{"line":125,"column":27},"end":{"line":125,"column":39}},"skip":true},"8":{"name":"(anonymous_8)","line":133,"loc":{"start":{"line":133,"column":59},"end":{"line":133,"column":74}},"skip":true},"9":{"name":"(anonymous_9)","line":143,"loc":{"start":{"line":143,"column":45},"end":{"line":143,"column":62}},"skip":true},"10":{"name":"(anonymous_10)","line":144,"loc":{"start":{"line":144,"column":73},"end":{"line":144,"column":92}},"skip":true},"11":{"name":"(anonymous_11)","line":272,"loc":{"start":{"line":272,"column":51},"end":{"line":272,"column":77}},"skip":true},"12":{"name":"(anonymous_12)","line":315,"loc":{"start":{"line":315,"column":32},"end":{"line":315,"column":61}},"skip":true}},"statementMap":{"1":{"start":{"line":26,"column":0},"end":{"line":326,"column":5}},"2":{"start":{"line":28,"column":4},"end":{"line":28,"column":14}},"3":{"start":{"line":33,"column":4},"end":{"line":60,"column":9}},"4":{"start":{"line":35,"column":8},"end":{"line":35,"column":19}},"5":{"start":{"line":37,"column":8},"end":{"line":49,"column":13}},"6":{"start":{"line":38,"column":12},"end":{"line":48,"column":13}},"7":{"start":{"line":39,"column":16},"end":{"line":42,"column":30}},"8":{"start":{"line":44,"column":16},"end":{"line":47,"column":27}},"9":{"start":{"line":51,"column":8},"end":{"line":53,"column":21}},"10":{"start":{"line":55,"column":8},"end":{"line":57,"column":45}},"11":{"start":{"line":59,"column":8},"end":{"line":59,"column":35}},"12":{"start":{"line":61,"column":4},"end":{"line":325,"column":5}},"13":{"start":{"line":69,"column":8},"end":{"line":121,"column":10},"skip":true},"14":{"start":{"line":70,"column":12},"end":{"line":88,"column":13},"skip":true},"15":{"start":{"line":76,"column":16},"end":{"line":87,"column":19},"skip":true},"16":{"start":{"line":79,"column":20},"end":{"line":86,"column":21},"skip":true},"17":{"start":{"line":82,"column":24},"end":{"line":82,"column":43},"skip":true},"18":{"start":{"line":83,"column":24},"end":{"line":83,"column":30},"skip":true},"19":{"start":{"line":85,"column":24},"end":{"line":85,"column":49},"skip":true},"20":{"start":{"line":89,"column":12},"end":{"line":107,"column":13},"skip":true},"21":{"start":{"line":92,"column":16},"end":{"line":102,"column":17},"skip":true},"22":{"start":{"line":93,"column":20},"end":{"line":93,"column":86},"skip":true},"23":{"start":{"line":94,"column":20},"end":{"line":95,"column":45},"skip":true},"24":{"start":{"line":96,"column":20},"end":{"line":96,"column":42},"skip":true},"25":{"start":{"line":97,"column":20},"end":{"line":97,"column":48},"skip":true},"26":{"start":{"line":100,"column":20},"end":{"line":100,"column":85},"skip":true},"27":{"start":{"line":101,"column":20},"end":{"line":101,"column":96},"skip":true},"28":{"start":{"line":103,"column":16},"end":{"line":103,"column":22},"skip":true},"29":{"start":{"line":106,"column":16},"end":{"line":106,"column":22},"skip":true},"30":{"start":{"line":108,"column":12},"end":{"line":120,"column":13},"skip":true},"31":{"start":{"line":114,"column":16},"end":{"line":119,"column":17},"skip":true},"32":{"start":{"line":116,"column":20},"end":{"line":116,"column":78},"skip":true},"33":{"start":{"line":118,"column":20},"end":{"line":118,"column":47},"skip":true},"34":{"start":{"line":123,"column":8},"end":{"line":141,"column":11},"skip":true},"35":{"start":{"line":124,"column":12},"end":{"line":124,"column":54},"skip":true},"36":{"start":{"line":125,"column":12},"end":{"line":140,"column":14},"skip":true},"37":{"start":{"line":126,"column":16},"end":{"line":126,"column":28},"skip":true},"38":{"start":{"line":127,"column":16},"end":{"line":127,"column":69},"skip":true},"39":{"start":{"line":128,"column":16},"end":{"line":128,"column":75},"skip":true},"40":{"start":{"line":129,"column":16},"end":{"line":131,"column":17},"skip":true},"41":{"start":{"line":130,"column":20},"end":{"line":130,"column":27},"skip":true},"42":{"start":{"line":133,"column":16},"end":{"line":137,"column":36},"skip":true},"43":{"start":{"line":134,"column":20},"end":{"line":136,"column":55},"skip":true},"44":{"start":{"line":139,"column":16},"end":{"line":139,"column":57},"skip":true},"45":{"start":{"line":143,"column":8},"end":{"line":147,"column":11},"skip":true},"46":{"start":{"line":144,"column":12},"end":{"line":146,"column":15},"skip":true},"47":{"start":{"line":145,"column":16},"end":{"line":145,"column":70},"skip":true},"48":{"start":{"line":149,"column":8},"end":{"line":149,"column":31},"skip":true},"49":{"start":{"line":150,"column":8},"end":{"line":150,"column":14},"skip":true},"50":{"start":{"line":158,"column":8},"end":{"line":158,"column":31},"skip":true},"51":{"start":{"line":160,"column":8},"end":{"line":160,"column":33},"skip":true},"52":{"start":{"line":161,"column":8},"end":{"line":161,"column":37},"skip":true},"53":{"start":{"line":162,"column":8},"end":{"line":162,"column":35},"skip":true},"54":{"start":{"line":164,"column":8},"end":{"line":164,"column":50},"skip":true},"55":{"start":{"line":166,"column":8},"end":{"line":256,"column":2},"skip":true},"56":{"start":{"line":258,"column":8},"end":{"line":286,"column":9},"skip":true},"57":{"start":{"line":259,"column":12},"end":{"line":269,"column":14},"skip":true},"58":{"start":{"line":271,"column":12},"end":{"line":285,"column":19},"skip":true},"59":{"start":{"line":274,"column":20},"end":{"line":274,"column":35},"skip":true},"60":{"start":{"line":275,"column":20},"end":{"line":284,"column":21},"skip":true},"61":{"start":{"line":277,"column":24},"end":{"line":277,"column":64},"skip":true},"62":{"start":{"line":279,"column":24},"end":{"line":279,"column":40},"skip":true},"63":{"start":{"line":281,"column":24},"end":{"line":281,"column":40},"skip":true},"64":{"start":{"line":283,"column":24},"end":{"line":283,"column":39},"skip":true},"65":{"start":{"line":288,"column":8},"end":{"line":290,"column":9},"skip":true},"66":{"start":{"line":289,"column":12},"end":{"line":289,"column":18},"skip":true},"67":{"start":{"line":291,"column":8},"end":{"line":293,"column":54},"skip":true},"68":{"start":{"line":296,"column":8},"end":{"line":301,"column":37},"skip":true},"69":{"start":{"line":303,"column":8},"end":{"line":303,"column":82},"skip":true},"70":{"start":{"line":306,"column":8},"end":{"line":308,"column":9},"skip":true},"71":{"start":{"line":307,"column":12},"end":{"line":307,"column":82},"skip":true},"72":{"start":{"line":310,"column":8},"end":{"line":312,"column":9},"skip":true},"73":{"start":{"line":311,"column":12},"end":{"line":311,"column":18},"skip":true},"74":{"start":{"line":313,"column":8},"end":{"line":313,"column":54},"skip":true},"75":{"start":{"line":314,"column":8},"end":{"line":314,"column":69},"skip":true},"76":{"start":{"line":315,"column":8},"end":{"line":323,"column":36},"skip":true},"77":{"start":{"line":316,"column":12},"end":{"line":316,"column":61},"skip":true},"78":{"start":{"line":317,"column":12},"end":{"line":320,"column":13},"skip":true},"79":{"start":{"line":318,"column":16},"end":{"line":318,"column":75},"skip":true},"80":{"start":{"line":319,"column":16},"end":{"line":319,"column":23},"skip":true},"81":{"start":{"line":321,"column":12},"end":{"line":321,"column":38},"skip":true},"82":{"start":{"line":322,"column":12},"end":{"line":322,"column":27},"skip":true},"83":{"start":{"line":324,"column":8},"end":{"line":324,"column":14},"skip":true}},"branchMap":{"1":{"line":39,"type":"binary-expr","locations":[{"start":{"line":39,"column":23},"end":{"line":39,"column":62}},{"start":{"line":40,"column":20},"end":{"line":40,"column":70}},{"start":{"line":41,"column":20},"end":{"line":41,"column":71}},{"start":{"line":42,"column":20},"end":{"line":42,"column":29}}]},"2":{"line":44,"type":"binary-expr","locations":[{"start":{"line":44,"column":23},"end":{"line":44,"column":37}},{"start":{"line":45,"column":20},"end":{"line":45,"column":61}},{"start":{"line":46,"column":20},"end":{"line":46,"column":70}},{"start":{"line":47,"column":20},"end":{"line":47,"column":26}}]},"3":{"line":51,"type":"cond-expr","locations":[{"start":{"line":52,"column":14},"end":{"line":52,"column":20}},{"start":{"line":53,"column":14},"end":{"line":53,"column":20}}]},"4":{"line":55,"type":"binary-expr","locations":[{"start":{"line":55,"column":16},"end":{"line":55,"column":44}},{"start":{"line":55,"column":49},"end":{"line":57,"column":43}}]},"5":{"line":55,"type":"cond-expr","locations":[{"start":{"line":56,"column":14},"end":{"line":56,"column":55}},{"start":{"line":57,"column":14},"end":{"line":57,"column":43}}]},"6":{"line":61,"type":"switch","locations":[{"start":{"line":68,"column":4},"end":{"line":150,"column":14},"skip":true},{"start":{"line":156,"column":4},"end":{"line":324,"column":14},"skip":true}]},"7":{"line":70,"type":"if","locations":[{"start":{"line":70,"column":12},"end":{"line":70,"column":12},"skip":true},{"start":{"line":70,"column":12},"end":{"line":70,"column":12},"skip":true}]},"8":{"line":70,"type":"binary-expr","locations":[{"start":{"line":70,"column":16},"end":{"line":70,"column":22},"skip":true},{"start":{"line":70,"column":27},"end":{"line":70,"column":32},"skip":true},{"start":{"line":71,"column":20},"end":{"line":71,"column":39},"skip":true},{"start":{"line":72,"column":20},"end":{"line":72,"column":49},"skip":true},{"start":{"line":73,"column":20},"end":{"line":73,"column":58},"skip":true},{"start":{"line":74,"column":20},"end":{"line":74,"column":69},"skip":true}]},"9":{"line":79,"type":"switch","locations":[{"start":{"line":80,"column":20},"end":{"line":80,"column":33},"skip":true},{"start":{"line":81,"column":20},"end":{"line":83,"column":30},"skip":true},{"start":{"line":84,"column":20},"end":{"line":85,"column":49},"skip":true}]},"10":{"line":89,"type":"switch","locations":[{"start":{"line":90,"column":12},"end":{"line":103,"column":22},"skip":true},{"start":{"line":105,"column":12},"end":{"line":106,"column":22},"skip":true}]},"11":{"line":89,"type":"binary-expr","locations":[{"start":{"line":89,"column":20},"end":{"line":89,"column":25},"skip":true},{"start":{"line":89,"column":29},"end":{"line":89,"column":48},"skip":true},{"start":{"line":89,"column":52},"end":{"line":89,"column":74},"skip":true}]},"12":{"line":92,"type":"if","locations":[{"start":{"line":92,"column":16},"end":{"line":92,"column":16},"skip":true},{"start":{"line":92,"column":16},"end":{"line":92,"column":16},"skip":true}]},"13":{"line":108,"type":"if","locations":[{"start":{"line":108,"column":12},"end":{"line":108,"column":12},"skip":true},{"start":{"line":108,"column":12},"end":{"line":108,"column":12},"skip":true}]},"14":{"line":108,"type":"binary-expr","locations":[{"start":{"line":108,"column":16},"end":{"line":108,"column":61},"skip":true},{"start":{"line":108,"column":66},"end":{"line":108,"column":72},"skip":true},{"start":{"line":108,"column":77},"end":{"line":108,"column":82},"skip":true},{"start":{"line":109,"column":20},"end":{"line":109,"column":39},"skip":true},{"start":{"line":110,"column":20},"end":{"line":110,"column":49},"skip":true},{"start":{"line":111,"column":20},"end":{"line":111,"column":58},"skip":true},{"start":{"line":112,"column":20},"end":{"line":112,"column":68},"skip":true}]},"15":{"line":129,"type":"if","locations":[{"start":{"line":129,"column":16},"end":{"line":129,"column":16},"skip":true},{"start":{"line":129,"column":16},"end":{"line":129,"column":16},"skip":true}]},"16":{"line":134,"type":"cond-expr","locations":[{"start":{"line":135,"column":26},"end":{"line":135,"column":29},"skip":true},{"start":{"line":136,"column":26},"end":{"line":136,"column":54},"skip":true}]},"17":{"line":164,"type":"binary-expr","locations":[{"start":{"line":164,"column":27},"end":{"line":164,"column":43},"skip":true},{"start":{"line":164,"column":47},"end":{"line":164,"column":49},"skip":true}]},"18":{"line":258,"type":"if","locations":[{"start":{"line":258,"column":8},"end":{"line":258,"column":8},"skip":true},{"start":{"line":258,"column":8},"end":{"line":258,"column":8},"skip":true}]},"19":{"line":275,"type":"switch","locations":[{"start":{"line":276,"column":20},"end":{"line":277,"column":64},"skip":true},{"start":{"line":278,"column":20},"end":{"line":279,"column":40},"skip":true},{"start":{"line":280,"column":20},"end":{"line":281,"column":40},"skip":true},{"start":{"line":282,"column":20},"end":{"line":283,"column":39},"skip":true}]},"20":{"line":288,"type":"if","locations":[{"start":{"line":288,"column":8},"end":{"line":288,"column":8},"skip":true},{"start":{"line":288,"column":8},"end":{"line":288,"column":8},"skip":true}]},"21":{"line":288,"type":"binary-expr","locations":[{"start":{"line":288,"column":12},"end":{"line":288,"column":40},"skip":true},{"start":{"line":288,"column":44},"end":{"line":288,"column":67},"skip":true}]},"22":{"line":292,"type":"binary-expr","locations":[{"start":{"line":292,"column":12},"end":{"line":292,"column":50},"skip":true},{"start":{"line":293,"column":12},"end":{"line":293,"column":53},"skip":true}]},"23":{"line":297,"type":"binary-expr","locations":[{"start":{"line":297,"column":12},"end":{"line":297,"column":69},"skip":true},{"start":{"line":298,"column":12},"end":{"line":301,"column":36},"skip":true}]},"24":{"line":303,"type":"binary-expr","locations":[{"start":{"line":303,"column":43},"end":{"line":303,"column":75},"skip":true},{"start":{"line":303,"column":79},"end":{"line":303,"column":81},"skip":true}]},"25":{"line":306,"type":"if","locations":[{"start":{"line":306,"column":8},"end":{"line":306,"column":8},"skip":true},{"start":{"line":306,"column":8},"end":{"line":306,"column":8},"skip":true}]},"26":{"line":310,"type":"if","locations":[{"start":{"line":310,"column":8},"end":{"line":310,"column":8},"skip":true},{"start":{"line":310,"column":8},"end":{"line":310,"column":8},"skip":true}]},"27":{"line":313,"type":"binary-expr","locations":[{"start":{"line":313,"column":27},"end":{"line":313,"column":43},"skip":true},{"start":{"line":313,"column":47},"end":{"line":313,"column":53},"skip":true}]},"28":{"line":317,"type":"if","locations":[{"start":{"line":317,"column":12},"end":{"line":317,"column":12},"skip":true},{"start":{"line":317,"column":12},"end":{"line":317,"column":12},"skip":true}]}},"code":["/*","example.js","","quickstart example","","instruction","    1. save this script as example.js","    2. run the shell command:","        $ npm install npmtest-grunt-mocha && PORT=8081 node example.js","    3. play with the browser-demo on http://127.0.0.1:8081","*/","","","","/* istanbul instrument in package npmtest_grunt_mocha */","/*jslint","    bitwise: true,","    browser: true,","    maxerr: 8,","    maxlen: 96,","    node: true,","    nomen: true,","    regexp: true,","    stupid: true","*/","(function () {","    'use strict';","    var local;","","","","    // run shared js-env code - pre-init","    (function () {","        // init local","        local = {};","        // init modeJs","        local.modeJs = (function () {","            try {","                return typeof navigator.userAgent === 'string' &&","                    typeof document.querySelector('body') === 'object' &&","                    typeof XMLHttpRequest.prototype.open === 'function' &&","                    'browser';","            } catch (errorCaughtBrowser) {","                return module.exports &&","                    typeof process.versions.node === 'string' &&","                    typeof require('http').createServer === 'function' &&","                    'node';","            }","        }());","        // init global","        local.global = local.modeJs === 'browser'","            ? window","            : global;","        // init utility2_rollup","        local = local.global.utility2_rollup || (local.modeJs === 'browser'","            ? local.global.utility2_npmtest_grunt_mocha","            : global.utility2_moduleExports);","        // export local","        local.global.local = local;","    }());","    switch (local.modeJs) {","","","","    // post-init","    // run browser js-env code - post-init","    /* istanbul ignore next */","    case 'browser':","        local.testRunBrowser = function (event) {","            if (!event || (event &&","                    event.currentTarget &&","                    event.currentTarget.className &&","                    event.currentTarget.className.includes &&","                    event.currentTarget.className.includes('onreset'))) {","                // reset output","                Array.from(","                    document.querySelectorAll('body > .resettable')","                ).forEach(function (element) {","                    switch (element.tagName) {","                    case 'INPUT':","                    case 'TEXTAREA':","                        element.value = '';","                        break;","                    default:","                        element.textContent = '';","                    }","                });","            }","            switch (event && event.currentTarget && event.currentTarget.id) {","            case 'testRunButton1':","                // show tests","                if (document.querySelector('#testReportDiv1').style.display === 'none') {","                    document.querySelector('#testReportDiv1').style.display = 'block';","                    document.querySelector('#testRunButton1').textContent =","                        'hide internal test';","                    local.modeTest = true;","                    local.testRunDefault(local);","                // hide tests","                } else {","                    document.querySelector('#testReportDiv1').style.display = 'none';","                    document.querySelector('#testRunButton1').textContent = 'run internal test';","                }","                break;","            // custom-case","            default:","                break;","            }","            if (document.querySelector('#inputTextareaEval1') && (!event || (event &&","                    event.currentTarget &&","                    event.currentTarget.className &&","                    event.currentTarget.className.includes &&","                    event.currentTarget.className.includes('oneval')))) {","                // try to eval input-code","                try {","                    /*jslint evil: true*/","                    eval(document.querySelector('#inputTextareaEval1').value);","                } catch (errorCaught) {","                    console.error(errorCaught);","                }","            }","        };","        // log stderr and stdout to #outputTextareaStdout1","        ['error', 'log'].forEach(function (key) {","            console[key + '_original'] = console[key];","            console[key] = function () {","                var element;","                console[key + '_original'].apply(console, arguments);","                element = document.querySelector('#outputTextareaStdout1');","                if (!element) {","                    return;","                }","                // append text to #outputTextareaStdout1","                element.value += Array.from(arguments).map(function (arg) {","                    return typeof arg === 'string'","                        ? arg","                        : JSON.stringify(arg, null, 4);","                }).join(' ') + '\\n';","                // scroll textarea to bottom","                element.scrollTop = element.scrollHeight;","            };","        });","        // init event-handling","        ['change', 'click', 'keyup'].forEach(function (event) {","            Array.from(document.querySelectorAll('.on' + event)).forEach(function (element) {","                element.addEventListener(event, local.testRunBrowser);","            });","        });","        // run tests","        local.testRunBrowser();","        break;","","","","    // run node js-env code - post-init","    /* istanbul ignore next */","    case 'node':","        // export local","        module.exports = local;","        // require modules","        local.fs = require('fs');","        local.http = require('http');","        local.url = require('url');","        // init assets","        local.assetsDict = local.assetsDict || {};","        /* jslint-ignore-begin */","        local.assetsDict['/assets.index.template.html'] = '\\","<!doctype html>\\n\\","<html lang=\"en\">\\n\\","<head>\\n\\","<meta charset=\"UTF-8\">\\n\\","<meta name=\"viewport\" content=\"width=device-width, initial-scale=1\">\\n\\","<title>{{env.npm_package_name}} (v{{env.npm_package_version}})</title>\\n\\","<style>\\n\\","/*csslint\\n\\","    box-sizing: false,\\n\\","    universal-selector: false\\n\\","*/\\n\\","* {\\n\\","    box-sizing: border-box;\\n\\","}\\n\\","body {\\n\\","    background: #dde;\\n\\","    font-family: Arial, Helvetica, sans-serif;\\n\\","    margin: 2rem;\\n\\","}\\n\\","body > * {\\n\\","    margin-bottom: 1rem;\\n\\","}\\n\\",".utility2FooterDiv {\\n\\","    margin-top: 20px;\\n\\","    text-align: center;\\n\\","}\\n\\","</style>\\n\\","<style>\\n\\","/*csslint\\n\\","*/\\n\\","textarea {\\n\\","    font-family: monospace;\\n\\","    height: 10rem;\\n\\","    width: 100%;\\n\\","}\\n\\","textarea[readonly] {\\n\\","    background: #ddd;\\n\\","}\\n\\","</style>\\n\\","</head>\\n\\","<body>\\n\\","<!-- utility2-comment\\n\\","<div id=\"ajaxProgressDiv1\" style=\"background: #d00; height: 2px; left: 0; margin: 0; padding: 0; position: fixed; top: 0; transition: background 0.5s, width 1.5s; width: 25%;\"></div>\\n\\","utility2-comment -->\\n\\","<h1>\\n\\","<!-- utility2-comment\\n\\","    <a\\n\\","        {{#if env.npm_package_homepage}}\\n\\","        href=\"{{env.npm_package_homepage}}\"\\n\\","        {{/if env.npm_package_homepage}}\\n\\","        target=\"_blank\"\\n\\","    >\\n\\","utility2-comment -->\\n\\","        {{env.npm_package_name}} (v{{env.npm_package_version}})\\n\\","<!-- utility2-comment\\n\\","    </a>\\n\\","utility2-comment -->\\n\\","</h1>\\n\\","<h3>{{env.npm_package_description}}</h3>\\n\\","<!-- utility2-comment\\n\\","<h4><a download href=\"assets.app.js\">download standalone app</a></h4>\\n\\","<button class=\"onclick onreset\" id=\"testRunButton1\">run internal test</button><br>\\n\\","<div id=\"testReportDiv1\" style=\"display: none;\"></div>\\n\\","utility2-comment -->\\n\\","\\n\\","\\n\\","\\n\\","<label>stderr and stdout</label>\\n\\","<textarea class=\"resettable\" id=\"outputTextareaStdout1\" readonly></textarea>\\n\\","<!-- utility2-comment\\n\\","{{#if isRollup}}\\n\\","<script src=\"assets.app.js\"></script>\\n\\","{{#unless isRollup}}\\n\\","utility2-comment -->\\n\\","<script src=\"assets.utility2.rollup.js\"></script>\\n\\","<script src=\"jsonp.utility2._stateInit?callback=window.utility2._stateInit\"></script>\\n\\","<script src=\"assets.npmtest_grunt_mocha.rollup.js\"></script>\\n\\","<script src=\"assets.example.js\"></script>\\n\\","<script src=\"assets.test.js\"></script>\\n\\","<!-- utility2-comment\\n\\","{{/if isRollup}}\\n\\","utility2-comment -->\\n\\","<div class=\"utility2FooterDiv\">\\n\\","    [ this app was created with\\n\\","    <a href=\"https://github.com/kaizhu256/node-utility2\" target=\"_blank\">utility2</a>\\n\\","    ]\\n\\","</div>\\n\\","</body>\\n\\","</html>\\n\\","';","        /* jslint-ignore-end */","        if (local.templateRender) {","            local.assetsDict['/'] = local.templateRender(","                local.assetsDict['/assets.index.template.html'],","                {","                    env: local.objectSetDefault(local.env, {","                        npm_package_description: 'the greatest app in the world!',","                        npm_package_name: 'my-app',","                        npm_package_nameAlias: 'my_app',","                        npm_package_version: '0.0.1'","                    })","                }","            );","        } else {","            local.assetsDict['/'] = local.assetsDict['/assets.index.template.html']","                .replace((/\\{\\{env\\.(\\w+?)\\}\\}/g), function (match0, match1) {","                    // jslint-hack","                    String(match0);","                    switch (match1) {","                    case 'npm_package_description':","                        return 'the greatest app in the world!';","                    case 'npm_package_name':","                        return 'my-app';","                    case 'npm_package_nameAlias':","                        return 'my_app';","                    case 'npm_package_version':","                        return '0.0.1';","                    }","                });","        }","        // run the cli","        if (local.global.utility2_rollup || module !== require.main) {","            break;","        }","        local.assetsDict['/assets.example.js'] =","            local.assetsDict['/assets.example.js'] ||","            local.fs.readFileSync(__filename, 'utf8');","        // bug-workaround - long $npm_package_buildCustomOrg","        /* jslint-ignore-begin */","        local.assetsDict['/assets.npmtest_grunt_mocha.rollup.js'] =","            local.assetsDict['/assets.npmtest_grunt_mocha.rollup.js'] ||","            local.fs.readFileSync(","                local.npmtest_grunt_mocha.__dirname + '/lib.npmtest_grunt_mocha.js',","                'utf8'","            ).replace((/^#!/), '//');","        /* jslint-ignore-end */","        local.assetsDict['/favicon.ico'] = local.assetsDict['/favicon.ico'] || '';","        // if $npm_config_timeout_exit exists,","        // then exit this process after $npm_config_timeout_exit ms","        if (Number(process.env.npm_config_timeout_exit)) {","            setTimeout(process.exit, Number(process.env.npm_config_timeout_exit));","        }","        // start server","        if (local.global.utility2_serverHttp1) {","            break;","        }","        process.env.PORT = process.env.PORT || '8081';","        console.error('server starting on port ' + process.env.PORT);","        local.http.createServer(function (request, response) {","            request.urlParsed = local.url.parse(request.url);","            if (local.assetsDict[request.urlParsed.pathname] !== undefined) {","                response.end(local.assetsDict[request.urlParsed.pathname]);","                return;","            }","            response.statusCode = 404;","            response.end();","        }).listen(process.env.PORT);","        break;","    }","}());",""],"l":{"26":2,"28":2,"33":2,"35":2,"37":2,"38":2,"39":2,"44":1,"51":2,"55":2,"59":2,"61":2,"69":1,"70":2,"76":2,"79":2,"82":2,"83":2,"85":1,"89":2,"92":1,"93":1,"94":1,"96":1,"97":1,"100":1,"101":1,"103":1,"106":1,"108":2,"114":1,"116":1,"118":1,"123":1,"124":2,"125":2,"126":3,"127":3,"128":3,"129":3,"130":1,"133":3,"134":3,"139":3,"143":1,"144":3,"145":1,"149":1,"150":1,"158":1,"160":1,"161":1,"162":1,"164":1,"166":1,"258":1,"259":1,"271":1,"274":6,"275":6,"277":1,"279":2,"281":1,"283":2,"288":1,"289":1,"291":1,"296":1,"303":1,"306":1,"307":1,"310":1,"311":1,"313":1,"314":1,"315":1,"316":1,"317":1,"318":1,"319":1,"321":1,"322":1,"324":1}},"/home/travis/build/npmtest/node-npmtest-grunt-mocha/node_modules/grunt-mocha/Gruntfile.js":{"path":"/home/travis/build/npmtest/node-npmtest-grunt-mocha/node_modules/grunt-mocha/Gruntfile.js","s":{"1":1,"2":0,"3":0,"4":0,"5":0,"6":0,"7":0,"8":0,"9":0,"10":0,"11":0,"12":0,"13":0,"14":0,"15":0,"16":0,"17":0,"18":0,"19":0,"20":0,"21":0,"22":0},"b":{"1":[0,0]},"f":{"1":0,"2":0,"3":0},"fnMap":{"1":{"name":"(anonymous_1)","line":7,"loc":{"start":{"line":7,"column":17},"end":{"line":7,"column":33}}},"2":{"name":"(anonymous_2)","line":163,"loc":{"start":{"line":163,"column":42},"end":{"line":163,"column":54}}},"3":{"name":"(anonymous_3)","line":166,"loc":{"start":{"line":166,"column":21},"end":{"line":166,"column":41}}}},"statementMap":{"1":{"start":{"line":7,"column":0},"end":{"line":211,"column":2}},"2":{"start":{"line":9,"column":2},"end":{"line":9,"column":18}},"3":{"start":{"line":11,"column":2},"end":{"line":161,"column":5}},"4":{"start":{"line":163,"column":2},"end":{"line":179,"column":5}},"5":{"start":{"line":164,"column":4},"end":{"line":164,"column":37}},"6":{"start":{"line":166,"column":4},"end":{"line":178,"column":7}},"7":{"start":{"line":167,"column":6},"end":{"line":167,"column":63}},"8":{"start":{"line":172,"column":6},"end":{"line":173,"column":58}},"9":{"start":{"line":173,"column":8},"end":{"line":173,"column":58}},"10":{"start":{"line":176,"column":6},"end":{"line":176,"column":32}},"11":{"start":{"line":177,"column":6},"end":{"line":177,"column":65}},"12":{"start":{"line":181,"column":2},"end":{"line":181,"column":27}},"13":{"start":{"line":184,"column":2},"end":{"line":184,"column":45}},"14":{"start":{"line":185,"column":2},"end":{"line":185,"column":46}},"15":{"start":{"line":188,"column":2},"end":{"line":188,"column":78}},"16":{"start":{"line":189,"column":2},"end":{"line":189,"column":56}},"17":{"start":{"line":190,"column":2},"end":{"line":190,"column":66}},"18":{"start":{"line":191,"column":2},"end":{"line":196,"column":5}},"19":{"start":{"line":197,"column":2},"end":{"line":197,"column":58}},"20":{"start":{"line":199,"column":2},"end":{"line":199,"column":77}},"21":{"start":{"line":200,"column":2},"end":{"line":207,"column":5}},"22":{"start":{"line":210,"column":2},"end":{"line":210,"column":57}}},"branchMap":{"1":{"line":172,"type":"if","locations":[{"start":{"line":172,"column":6},"end":{"line":172,"column":6}},{"start":{"line":172,"column":6},"end":{"line":172,"column":6}}]}},"code":["/**"," * Example Gruntfile for Mocha setup"," */","","'use strict';","","module.exports = function(grunt) {","","  var port = 8981;","","  grunt.initConfig({","    jshint: {","      all: [","        'Gruntfile.js',","        'tasks/**/*.js', ],","      options: {","        jshintrc: '.jshintrc'","      }","    },","    watch: {","      // If you want to watch files and run tests automatically on change","      test: {","        files: [","          'example/js/**/*.js',","          'example/test/spec/**/*.js',","          'phantomjs/*',","          'tasks/*',","          'Gruntfile.js'","        ],","        tasks: 'test'","      }","    },","    mocha: {","      // runs all html files (except test2.html) in the test dir","      // In this example, there's only one, but you can add as many as","      // you want. You can split them up into different groups here","      // ex: admin: [ 'test/admin.html' ]","      all: ['example/test/**/!(test2|testBail|testPage).html'],","","      // Runs 'test/test2.html' with specified mocha options.","      // This variant auto-includes 'bridge.js' so you do not have","      // to include it in your HTML spec file. Instead, you must add an","      // environment check before you run `mocha.run` in your HTML.","      test2: {","","        // Test files","        src: ['example/test/test2.html'],","        options: {","          // mocha options","          mocha: {","            ignoreLeaks: false,","            grep: 'food'","          },","","          reporter: 'Spec',","          timeout: 10000","        }","      },","","      // Runs the same as test2 but with URL's","      testUrls: {","        options: {","          // mocha options","          mocha: {","            ignoreLeaks: false,","            grep: 'food'","          },","","          reporter: 'Nyan',","","          // URLs passed through as options","          urls: ['http://localhost:' + port + '/example/test/test2.html'],","        }","      },","","      // Test using a custom reporter","      testReporter: {","        src: ['example/test/test.html', 'example/test/test2.html'],","        options: {","          mocha: {","            ignoreLeaks: false,","            grep: 'food'","          },","          reporter: './example/test/reporter/simple',","        }","      },","","      // Test log option","      testLog: {","        src: ['example/test/test.html'],","        options: {","          mocha: {","            ignoreLeaks: false,","            grep: 'food'","          },","          log: true","        }","      },","","      testDest1: {","        // Test files","        src: ['example/test/test2.html'],","        dest: 'example/test/results/spec.out',","        options: {","          reporter: 'Spec',","        }","      },","","      // Same as above, but with URLS + Xunit","      testDest2: {","        options: {","          reporter: 'XUnit',","","          // URLs passed through as options","          urls: ['http://localhost:' + (port + 1) + '/example/test/test2.html'],","        },","        dest: 'example/test/results/xunit.out'","      },","","      // Test a failing test with bail: true","      testBail: {","        src: ['example/test/testBail.html'],","        // Bail option","        options: {","          bail: true","        }","      },","","      // This test should never run","      neverTest: {","        src: ['example/test/test.html'],","      },","","      // Test page options","      testPage: {","        src: ['example/test/testPage.html'],","        options: {","          page: {","            settings: {","              userAgent: 'grunt-mocha-agent'","            }","          }","        }","      }","    },","","    connect: {","      testUrls: {","        options: {","          port: port,","          base: '.'","        }","      },","      testDest: {","        options: {","          port: port + 1,","          base: '.'","        }","      }","    }","  });","","  grunt.registerTask('verifyDestResults', function () {","    var expected = ['spec', 'xunit'];","","    expected.forEach(function (reporter) {","      var output = 'example/test/results/' + reporter + '.out';","","      // simply check if the file is non-empty since verifying if the output is","      // correct based on the spec is kind of hard due to changing test running","      // times and different ways to report this time in reporters.","      if (!grunt.file.read(output, 'utf8'))","        grunt.fatal('Empty reporter output: ' + reporter);","","      // Clean-up","      grunt.file.delete(output);","      grunt.log.ok('Reporter output non-empty for %s', reporter);","    });","  });","","  grunt.loadTasks('tasks');","","  // These plugins provide necessary tasks.","  grunt.loadNpmTasks('grunt-contrib-jshint');","  grunt.loadNpmTasks('grunt-contrib-connect');","","","  grunt.task.registerTask('testUrls', ['connect:testUrls', 'mocha:testUrls']);","  grunt.task.registerTask('testLog', ['mocha:testLog']);","  grunt.task.registerTask('testReporter', ['mocha:testReporter']);","  grunt.task.registerTask('testDest', [","    'mocha:testDest1',","    'connect:testDest',","    'mocha:testDest2',","    'verifyDestResults'","  ]);","  grunt.task.registerTask('testPage', ['mocha:testPage']);","  // WARNING: Running this test will cause grunt to fail after mocha:testBail","  grunt.task.registerTask('testBail', ['mocha:testBail', 'mocha:neverTest']);","  grunt.task.registerTask('test', [","    'mocha:all',","    'testUrls',","    'testLog',","    'testReporter',","    'testDest',","    'testPage',","  ]);","","  // By default, lint and run all tests.","  grunt.task.registerTask('default', ['jshint', 'test']);","};",""],"l":{"7":1,"9":0,"11":0,"163":0,"164":0,"166":0,"167":0,"172":0,"173":0,"176":0,"177":0,"181":0,"184":0,"185":0,"188":0,"189":0,"190":0,"191":0,"197":0,"199":0,"200":0,"210":0}},"/home/travis/build/npmtest/node-npmtest-grunt-mocha/node_modules/grunt-mocha/phantomjs/bridge.js":{"path":"/home/travis/build/npmtest/node-npmtest-grunt-mocha/node_modules/grunt-mocha/phantomjs/bridge.js","s":{"1":2,"2":2,"3":1,"4":0,"5":1,"6":0,"7":0,"8":0,"9":0,"10":0,"11":0,"12":0,"13":0,"14":0,"15":0,"16":2,"17":0,"18":0,"19":0,"20":0,"21":0,"22":0,"23":0,"24":0,"25":0,"26":0,"27":0,"28":0,"29":0,"30":0,"31":0,"32":0,"33":0,"34":0,"35":0},"b":{"1":[0,0],"2":[2,0],"3":[0,0],"4":[0,0],"5":[0,0],"6":[0,0],"7":[0,0],"8":[0,0]},"f":{"1":2,"2":0,"3":0,"4":0,"5":0,"6":0},"fnMap":{"1":{"name":"(anonymous_1)","line":12,"loc":{"start":{"line":12,"column":1},"end":{"line":12,"column":12}}},"2":{"name":"sendMessage","line":27,"loc":{"start":{"line":27,"column":2},"end":{"line":27,"column":34}}},"3":{"name":"createGruntListener","line":35,"loc":{"start":{"line":35,"column":2},"end":{"line":35,"column":43}}},"4":{"name":"(anonymous_4)","line":36,"loc":{"start":{"line":36,"column":18},"end":{"line":36,"column":38}}},"5":{"name":"(anonymous_5)","line":57,"loc":{"start":{"line":57,"column":22},"end":{"line":57,"column":38}}},"6":{"name":"(anonymous_6)","line":72,"loc":{"start":{"line":72,"column":14},"end":{"line":72,"column":26}}}},"statementMap":{"1":{"start":{"line":12,"column":0},"end":{"line":103,"column":5}},"2":{"start":{"line":13,"column":2},"end":{"line":23,"column":4}},"3":{"start":{"line":27,"column":2},"end":{"line":32,"column":3}},"4":{"start":{"line":28,"column":4},"end":{"line":31,"column":7}},"5":{"start":{"line":35,"column":2},"end":{"line":52,"column":3}},"6":{"start":{"line":36,"column":4},"end":{"line":51,"column":7}},"7":{"start":{"line":37,"column":6},"end":{"line":39,"column":8}},"8":{"start":{"line":41,"column":6},"end":{"line":48,"column":7}},"9":{"start":{"line":42,"column":8},"end":{"line":42,"column":32}},"10":{"start":{"line":43,"column":8},"end":{"line":43,"column":42}},"11":{"start":{"line":44,"column":8},"end":{"line":44,"column":32}},"12":{"start":{"line":45,"column":8},"end":{"line":45,"column":38}},"13":{"start":{"line":46,"column":8},"end":{"line":46,"column":30}},"14":{"start":{"line":47,"column":8},"end":{"line":47,"column":40}},"15":{"start":{"line":50,"column":6},"end":{"line":50,"column":39}},"16":{"start":{"line":55,"column":2},"end":{"line":55,"column":51}},"17":{"start":{"line":57,"column":2},"end":{"line":70,"column":4}},"18":{"start":{"line":58,"column":4},"end":{"line":60,"column":5}},"19":{"start":{"line":59,"column":6},"end":{"line":59,"column":98}},"20":{"start":{"line":63,"column":4},"end":{"line":63,"column":52}},"21":{"start":{"line":66,"column":4},"end":{"line":68,"column":5}},"22":{"start":{"line":67,"column":6},"end":{"line":67,"column":51}},"23":{"start":{"line":72,"column":2},"end":{"line":72,"column":29}},"24":{"start":{"line":73,"column":2},"end":{"line":73,"column":59}},"25":{"start":{"line":74,"column":2},"end":{"line":74,"column":40}},"26":{"start":{"line":76,"column":2},"end":{"line":76,"column":33}},"27":{"start":{"line":79,"column":2},"end":{"line":83,"column":4}},"28":{"start":{"line":86,"column":2},"end":{"line":88,"column":3}},"29":{"start":{"line":87,"column":4},"end":{"line":87,"column":24}},"30":{"start":{"line":91,"column":2},"end":{"line":95,"column":3}},"31":{"start":{"line":92,"column":4},"end":{"line":94,"column":5}},"32":{"start":{"line":93,"column":6},"end":{"line":93,"column":39}},"33":{"start":{"line":97,"column":2},"end":{"line":97,"column":22}},"34":{"start":{"line":100,"column":2},"end":{"line":102,"column":3}},"35":{"start":{"line":101,"column":4},"end":{"line":101,"column":16}}},"branchMap":{"1":{"line":41,"type":"if","locations":[{"start":{"line":41,"column":6},"end":{"line":41,"column":6}},{"start":{"line":41,"column":6},"end":{"line":41,"column":6}}]},"2":{"line":55,"type":"binary-expr","locations":[{"start":{"line":55,"column":22},"end":{"line":55,"column":34}},{"start":{"line":55,"column":38},"end":{"line":55,"column":50}}]},"3":{"line":58,"type":"if","locations":[{"start":{"line":58,"column":4},"end":{"line":58,"column":4}},{"start":{"line":58,"column":4},"end":{"line":58,"column":4}}]},"4":{"line":86,"type":"if","locations":[{"start":{"line":86,"column":2},"end":{"line":86,"column":2}},{"start":{"line":86,"column":2},"end":{"line":86,"column":2}}]},"5":{"line":91,"type":"if","locations":[{"start":{"line":91,"column":2},"end":{"line":91,"column":2}},{"start":{"line":91,"column":2},"end":{"line":91,"column":2}}]},"6":{"line":91,"type":"binary-expr","locations":[{"start":{"line":91,"column":6},"end":{"line":91,"column":33}},{"start":{"line":91,"column":37},"end":{"line":91,"column":53}}]},"7":{"line":100,"type":"if","locations":[{"start":{"line":100,"column":2},"end":{"line":100,"column":2}},{"start":{"line":100,"column":2},"end":{"line":100,"column":2}}]},"8":{"line":100,"type":"binary-expr","locations":[{"start":{"line":100,"column":6},"end":{"line":100,"column":13}},{"start":{"line":100,"column":17},"end":{"line":100,"column":28}}]}},"code":["/*"," * Is injected into the spec runner file",""," * Copyright (c) 2012 Kelly Miyashiro"," * Copyright (c) 2012 \"Cowboy\" Ben Alman"," * Licensed under the MIT license."," * http://benalman.com/about/license/"," */","","/*global mocha:true, alert:true, window:true */","","(function() {","  var MOCHA_EVENTS = [","    'start',","    'test',","    'test end',","    'suite',","    'suite end',","    'fail',","    'pass',","    'pending',","    'end'","  ];","","  // Send messages to the parent phantom.js process via callPhantom","  // http://phantomjs.org/api/webpage/handler/on-callback.html","  function sendMessage(cmd, data) {","    window.callPhantom({","      cmd: cmd,","      data: data","    });","  }","","  // Create a listener who'll bubble events from PhantomJS to Grunt","  function createGruntListener(ev, runner) {","    runner.on(ev, function(test, err) {","      var data = {","        err: err","      };","","      if (test) {","        data.title = test.title;","        data.fullTitle = test.fullTitle();","        data.state = test.state;","        data.duration = test.duration;","        data.slow = test.slow;","        data.pending = test.isPending();","      }","","      sendMessage('mocha.' + ev, data);","    });","  }","","  // 1.4.2 moved reporters to Mocha instead of mocha","  var mochaInstance = window.Mocha || window.mocha;","","  var GruntReporter = function(runner){","    if (!mochaInstance) {","      throw new Error('Mocha was not found, make sure you include Mocha in your HTML spec file.');","    }","","    // Setup HTML reporter to output data on the screen","    mochaInstance.reporters.HTML.call(this, runner);","","    // Create a Grunt listener for each Mocha events","    for (var i = 0; i < MOCHA_EVENTS.length; i++) {","      createGruntListener(MOCHA_EVENTS[i], runner);","    }","","  };","","  var Klass = function () {};","  Klass.prototype = mochaInstance.reporters.HTML.prototype;","  GruntReporter.prototype = new Klass();","","  var options = window.PHANTOMJS;","","  // Default mocha options","  var config = {","    ui: 'bdd',","    ignoreLeaks: true,","    reporter: GruntReporter","  };","","  // If options is a string, assume it is to set the UI (bdd/tdd etc)","  if (typeof options === 'string') {","    config.ui = options;","  }","","  // Extend defaults with passed options","  if (typeof options === 'object' && options !== null) {","    for (var key in options.mocha) {","      config[key] = options.mocha[key];","    }","  }","","  mocha.setup(config);","","  // task option `run`, automatically runs mocha for grunt only","  if (options && options.run) {","    mocha.run();","  }","}());",""],"l":{"12":2,"13":2,"27":1,"28":0,"35":1,"36":0,"37":0,"41":0,"42":0,"43":0,"44":0,"45":0,"46":0,"47":0,"50":0,"55":2,"57":0,"58":0,"59":0,"63":0,"66":0,"67":0,"72":0,"73":0,"74":0,"76":0,"79":0,"86":0,"87":0,"91":0,"92":0,"93":0,"97":0,"100":0,"101":0}},"/home/travis/build/npmtest/node-npmtest-grunt-mocha/node_modules/grunt-mocha/phantomjs/main.js":{"path":"/home/travis/build/npmtest/node-npmtest-grunt-mocha/node_modules/grunt-mocha/phantomjs/main.js","s":{"1":2,"2":2,"3":2,"4":0,"5":0,"6":0,"7":0,"8":0,"9":0,"10":0,"11":0,"12":0,"13":0,"14":0,"15":0,"16":0,"17":0,"18":0,"19":0,"20":0,"21":0,"22":0,"23":0,"24":0,"25":0,"26":0,"27":0,"28":0,"29":0,"30":0,"31":0,"32":0,"33":0,"34":0,"35":0,"36":0,"37":0,"38":0,"39":0,"40":0,"41":0,"42":0,"43":0,"44":0,"45":0,"46":0,"47":0,"48":0,"49":0,"50":0,"51":0,"52":0,"53":0,"54":0,"55":0,"56":0,"57":0,"58":0,"59":0,"60":0,"61":0,"62":0},"b":{"1":[0,0],"2":[0,0],"3":[0,0],"4":[0,0],"5":[0,0],"6":[0,0],"7":[0,0],"8":[0,0],"9":[0,0]},"f":{"1":0,"2":0,"3":0,"4":0,"5":0,"6":0,"7":0,"8":0,"9":0,"10":0,"11":0,"12":0,"13":0,"14":0,"15":0,"16":0},"fnMap":{"1":{"name":"(anonymous_1)","line":30,"loc":{"start":{"line":30,"column":18},"end":{"line":30,"column":32}}},"2":{"name":"(anonymous_2)","line":40,"loc":{"start":{"line":40,"column":12},"end":{"line":40,"column":23}}},"3":{"name":"(anonymous_3)","line":52,"loc":{"start":{"line":52,"column":13},"end":{"line":52,"column":24}}},"4":{"name":"(anonymous_4)","line":66,"loc":{"start":{"line":66,"column":20},"end":{"line":66,"column":37}}},"5":{"name":"(anonymous_5)","line":71,"loc":{"start":{"line":71,"column":18},"end":{"line":71,"column":32}}},"6":{"name":"(anonymous_6)","line":83,"loc":{"start":{"line":83,"column":24},"end":{"line":83,"column":42}}},"7":{"name":"(anonymous_7)","line":88,"loc":{"start":{"line":88,"column":27},"end":{"line":88,"column":45}}},"8":{"name":"(anonymous_8)","line":92,"loc":{"start":{"line":92,"column":26},"end":{"line":92,"column":44}}},"9":{"name":"(anonymous_9)","line":98,"loc":{"start":{"line":98,"column":15},"end":{"line":98,"column":36}}},"10":{"name":"(anonymous_10)","line":102,"loc":{"start":{"line":102,"column":23},"end":{"line":102,"column":47}}},"11":{"name":"(anonymous_11)","line":106,"loc":{"start":{"line":106,"column":25},"end":{"line":106,"column":43}}},"12":{"name":"(anonymous_12)","line":111,"loc":{"start":{"line":111,"column":21},"end":{"line":111,"column":32}}},"13":{"name":"(anonymous_13)","line":115,"loc":{"start":{"line":115,"column":16},"end":{"line":115,"column":34}}},"14":{"name":"(anonymous_14)","line":124,"loc":{"start":{"line":124,"column":16},"end":{"line":124,"column":27}}},"15":{"name":"(anonymous_15)","line":126,"loc":{"start":{"line":126,"column":50},"end":{"line":126,"column":62}}},"16":{"name":"(anonymous_16)","line":133,"loc":{"start":{"line":133,"column":22},"end":{"line":133,"column":39}}}},"statementMap":{"1":{"start":{"line":15,"column":0},"end":{"line":15,"column":23}},"2":{"start":{"line":16,"column":0},"end":{"line":16,"column":26}},"3":{"start":{"line":17,"column":0},"end":{"line":17,"column":31}},"4":{"start":{"line":20,"column":0},"end":{"line":20,"column":29}},"5":{"start":{"line":22,"column":0},"end":{"line":22,"column":25}},"6":{"start":{"line":24,"column":0},"end":{"line":24,"column":47}},"7":{"start":{"line":27,"column":0},"end":{"line":27,"column":22}},"8":{"start":{"line":30,"column":0},"end":{"line":34,"column":2}},"9":{"start":{"line":31,"column":2},"end":{"line":31,"column":65}},"10":{"start":{"line":32,"column":2},"end":{"line":32,"column":20}},"11":{"start":{"line":33,"column":2},"end":{"line":33,"column":54}},"12":{"start":{"line":37,"column":0},"end":{"line":37,"column":51}},"13":{"start":{"line":40,"column":0},"end":{"line":45,"column":8}},"14":{"start":{"line":41,"column":2},"end":{"line":44,"column":3}},"15":{"start":{"line":42,"column":4},"end":{"line":42,"column":32}},"16":{"start":{"line":43,"column":4},"end":{"line":43,"column":19}},"17":{"start":{"line":48,"column":0},"end":{"line":48,"column":39}},"18":{"start":{"line":51,"column":0},"end":{"line":51,"column":13}},"19":{"start":{"line":52,"column":0},"end":{"line":58,"column":2}},"20":{"start":{"line":53,"column":2},"end":{"line":53,"column":27}},"21":{"start":{"line":53,"column":18},"end":{"line":53,"column":25}},"22":{"start":{"line":55,"column":2},"end":{"line":55,"column":40}},"23":{"start":{"line":56,"column":2},"end":{"line":56,"column":32}},"24":{"start":{"line":57,"column":2},"end":{"line":57,"column":18}},"25":{"start":{"line":61,"column":0},"end":{"line":63,"column":1}},"26":{"start":{"line":62,"column":2},"end":{"line":62,"column":30}},"27":{"start":{"line":66,"column":0},"end":{"line":69,"column":2}},"28":{"start":{"line":67,"column":2},"end":{"line":67,"column":19}},"29":{"start":{"line":68,"column":2},"end":{"line":68,"column":38}},"30":{"start":{"line":71,"column":0},"end":{"line":80,"column":2}},"31":{"start":{"line":74,"column":2},"end":{"line":77,"column":3}},"32":{"start":{"line":75,"column":4},"end":{"line":75,"column":13}},"33":{"start":{"line":76,"column":4},"end":{"line":76,"column":11}},"34":{"start":{"line":79,"column":2},"end":{"line":79,"column":33}},"35":{"start":{"line":83,"column":0},"end":{"line":85,"column":2}},"36":{"start":{"line":84,"column":2},"end":{"line":84,"column":34}},"37":{"start":{"line":88,"column":0},"end":{"line":90,"column":2}},"38":{"start":{"line":89,"column":2},"end":{"line":89,"column":50}},"39":{"start":{"line":92,"column":0},"end":{"line":96,"column":2}},"40":{"start":{"line":93,"column":2},"end":{"line":95,"column":3}},"41":{"start":{"line":94,"column":4},"end":{"line":94,"column":51}},"42":{"start":{"line":98,"column":0},"end":{"line":100,"column":2}},"43":{"start":{"line":99,"column":2},"end":{"line":99,"column":43}},"44":{"start":{"line":102,"column":0},"end":{"line":104,"column":2}},"45":{"start":{"line":103,"column":2},"end":{"line":103,"column":79}},"46":{"start":{"line":106,"column":0},"end":{"line":108,"column":2}},"47":{"start":{"line":107,"column":2},"end":{"line":107,"column":69}},"48":{"start":{"line":111,"column":0},"end":{"line":130,"column":2}},"49":{"start":{"line":112,"column":2},"end":{"line":112,"column":31}},"50":{"start":{"line":115,"column":2},"end":{"line":117,"column":14}},"51":{"start":{"line":116,"column":4},"end":{"line":116,"column":31}},"52":{"start":{"line":120,"column":2},"end":{"line":120,"column":34}},"53":{"start":{"line":120,"column":25},"end":{"line":120,"column":32}},"54":{"start":{"line":124,"column":2},"end":{"line":129,"column":5}},"55":{"start":{"line":126,"column":4},"end":{"line":128,"column":14}},"56":{"start":{"line":127,"column":6},"end":{"line":127,"column":44}},"57":{"start":{"line":133,"column":0},"end":{"line":141,"column":2}},"58":{"start":{"line":135,"column":2},"end":{"line":135,"column":40}},"59":{"start":{"line":136,"column":2},"end":{"line":140,"column":3}},"60":{"start":{"line":138,"column":4},"end":{"line":138,"column":34}},"61":{"start":{"line":139,"column":4},"end":{"line":139,"column":19}},"62":{"start":{"line":144,"column":0},"end":{"line":144,"column":15}}},"branchMap":{"1":{"line":24,"type":"binary-expr","locations":[{"start":{"line":24,"column":25},"end":{"line":24,"column":39}},{"start":{"line":24,"column":43},"end":{"line":24,"column":45}}]},"2":{"line":31,"type":"cond-expr","locations":[{"start":{"line":31,"column":34},"end":{"line":31,"column":37}},{"start":{"line":31,"column":40},"end":{"line":31,"column":64}}]},"3":{"line":41,"type":"if","locations":[{"start":{"line":41,"column":2},"end":{"line":41,"column":2}},{"start":{"line":41,"column":2},"end":{"line":41,"column":2}}]},"4":{"line":53,"type":"if","locations":[{"start":{"line":53,"column":2},"end":{"line":53,"column":2}},{"start":{"line":53,"column":2},"end":{"line":53,"column":2}}]},"5":{"line":61,"type":"if","locations":[{"start":{"line":61,"column":0},"end":{"line":61,"column":0}},{"start":{"line":61,"column":0},"end":{"line":61,"column":0}}]},"6":{"line":74,"type":"if","locations":[{"start":{"line":74,"column":2},"end":{"line":74,"column":2}},{"start":{"line":74,"column":2},"end":{"line":74,"column":2}}]},"7":{"line":93,"type":"if","locations":[{"start":{"line":93,"column":2},"end":{"line":93,"column":2}},{"start":{"line":93,"column":2},"end":{"line":93,"column":2}}]},"8":{"line":120,"type":"if","locations":[{"start":{"line":120,"column":2},"end":{"line":120,"column":2}},{"start":{"line":120,"column":2},"end":{"line":120,"column":2}}]},"9":{"line":136,"type":"if","locations":[{"start":{"line":136,"column":2},"end":{"line":136,"column":2}},{"start":{"line":136,"column":2},"end":{"line":136,"column":2}}]}},"code":["/*"," * grunt-lib-phantomjs"," * http://gruntjs.com/"," *"," * Modified for mocha-grunt by Kelly Miyashiro"," *"," * Copyright (c) 2012 \"Cowboy\" Ben Alman, contributors"," * Licensed under the MIT license."," */","","/*global window: true, phantom:true*/","","'use strict';","","var fs = require('fs');","var _ = require('lodash');","var system = require('system');","","// The temporary file used for communications.","var tmpfile = system.args[1];","// The page .html file to load.","var url = system.args[2];","// Extra, optionally overridable stuff.","var options = JSON.parse(system.args[3] || {});","","// Keep track of the last time a client message was sent.","var last = new Date();","","// Messages are sent to the parent by appending them to the tempfile.","var sendMessage = function(arg) {","  var args = Array.isArray(arg) ? arg : [].slice.call(arguments);","  last = new Date();","  fs.write(tmpfile, JSON.stringify(args) + '\\n', 'a');","};","","// This allows grunt to abort if the PhantomJS version isn't adequate.","sendMessage('private', 'version', phantom.version);","","// Abort if the page doesn't send any messages for a while.","setInterval(function() {","  if (new Date() - last > options.timeout) {","    sendMessage('fail.timeout');","    phantom.exit();","  }","}, 100);","","// Create a new page.","var page = require('webpage').create();","","// Inject bridge script into client page.","var injected;","var inject = function() {","  if (injected) { return; }","  // Inject client-side helper script.","  sendMessage('inject', options.inject);","  page.injectJs(options.inject);","  injected = true;","};","","// Merge phantomjs page settings from options.page","if (options.page) {","  _.merge(page, options.page);","}","","// Keep track if the client-side helper script already has been injected.","page.onUrlChanged = function(newUrl) {","  injected = false;","  sendMessage('onUrlChanged', newUrl);","};","","page.onCallback = function(msg) {","  // The only thing that should ever use \"inject\" is the custom event","  // handler this script adds to be executed on DOMContentLoaded.","  if (msg.cmd === 'inject') {","    inject();","    return;","  }","  // Otherwise, relay it to grunt.","  sendMessage(msg.cmd, msg.data);","};","","// Relay console logging messages.","page.onConsoleMessage = function(message) {","  sendMessage('console', message);","};","","// For debugging.","page.onResourceRequested = function(request) {","  sendMessage('onResourceRequested', request.url);","};","","page.onResourceReceived = function(request) {","  if (request.stage === 'end') {","    sendMessage('onResourceReceived', request.url);","  }","};","","page.onError = function(msg, trace) {","  sendMessage('error.onError', msg, trace);","};","","page.onResourceError = function(resourceError) {","  sendMessage('onResourceError', resourceError.url, resourceError.errorString);","};","","page.onResourceTimeout = function(request) {","  sendMessage('onResourceTimeout', request.url, request.errorString);","};","","// Run before the page is loaded.","page.onInitialized = function() {","  sendMessage('onInitialized');","","  // Customization for mocha, passing mocha options from task config","  page.evaluate(function(options) {","    window.PHANTOMJS = options;","  }, options);","","  // Abort if there is no bridge to inject.","  if (!options.inject) { return; }","  // Tell the client that when DOMContentLoaded fires, it needs to tell this","  // script to inject the bridge. This should ensure that the bridge gets","  // injected before any other DOMContentLoaded or window.load event handler.","  page.evaluate(function() {","    /*jshint browser:true, devel:true */","    document.addEventListener('DOMContentLoaded', function () {","      window.callPhantom({ cmd: 'inject' });","    }, false);","  });","};","","// Run when the page has finished loading.","page.onLoadFinished = function(status) {","  // The window has loaded.","  sendMessage('onLoadFinished', status);","  if (status !== 'success') {","    // File loading failure.","    sendMessage('fail.load', url);","    phantom.exit();","  }","};","","// Actually load url.","page.open(url);",""],"l":{"15":2,"16":2,"17":2,"20":0,"22":0,"24":0,"27":0,"30":0,"31":0,"32":0,"33":0,"37":0,"40":0,"41":0,"42":0,"43":0,"48":0,"51":0,"52":0,"53":0,"55":0,"56":0,"57":0,"61":0,"62":0,"66":0,"67":0,"68":0,"71":0,"74":0,"75":0,"76":0,"79":0,"83":0,"84":0,"88":0,"89":0,"92":0,"93":0,"94":0,"98":0,"99":0,"102":0,"103":0,"106":0,"107":0,"111":0,"112":0,"115":0,"116":0,"120":0,"124":0,"126":0,"127":0,"133":0,"135":0,"136":0,"138":0,"139":0,"144":0}},"/home/travis/build/npmtest/node-npmtest-grunt-mocha/node_modules/grunt-mocha/support/mocha-helpers.js":{"path":"/home/travis/build/npmtest/node-npmtest-grunt-mocha/node_modules/grunt-mocha/support/mocha-helpers.js","s":{"1":1,"2":1,"3":0,"4":0,"5":0,"6":0,"7":0,"8":0,"9":0,"10":0,"11":0,"12":1,"13":0},"b":{},"f":{"1":0,"2":0,"3":0},"fnMap":{"1":{"name":"(anonymous_1)","line":15,"loc":{"start":{"line":15,"column":22},"end":{"line":15,"column":38}}},"2":{"name":"(anonymous_2)","line":24,"loc":{"start":{"line":24,"column":27},"end":{"line":24,"column":58}}},"3":{"nam
[...]
ne":163,"column":9}},"63":{"start":{"line":159,"column":8},"end":{"line":161,"column":22}},"64":{"start":{"line":160,"column":10},"end":{"line":160,"column":122}},"65":{"start":{"line":162,"column":8},"end":{"line":162,"column":58}},"66":{"start":{"line":166,"column":4},"end":{"line":166,"column":54}},"67":{"start":{"line":167,"column":4},"end":{"line":167,"column":49}},"68":{"start":{"line":170,"column":4},"end":{"line":170,"column":78}},"69":{"start":{"line":172,"column":4},"end":{"line":172,"column":70}},"70":{"start":{"line":173,"column":4},"end":{"line":173,"column":64}},"71":{"start":{"line":176,"column":4},"end":{"line":176,"column":61}},"72":{"start":{"line":179,"column":4},"end":{"line":179,"column":23}},"73":{"start":{"line":182,"column":4},"end":{"line":182,"column":28}},"74":{"start":{"line":185,"column":4},"end":{"line":185,"column":20}},"75":{"start":{"line":186,"column":4},"end":{"line":186,"column":33}},"76":{"start":{"line":192,"column":4},"end":{"line":200,"column":5}},"77":{"start":{"line":193,"column":6},"end":{"line":195,"column":7}},"78":{"start":{"line":194,"column":8},"end":{"line":194,"column":32}},"79":{"start":{"line":196,"column":6},"end":{"line":199,"column":8}},"80":{"start":{"line":197,"column":8},"end":{"line":197,"column":45}},"81":{"start":{"line":198,"column":8},"end":{"line":198,"column":56}},"82":{"start":{"line":203,"column":4},"end":{"line":335,"column":7}},"83":{"start":{"line":204,"column":6},"end":{"line":204,"column":43}},"84":{"start":{"line":207,"column":6},"end":{"line":207,"column":38}},"85":{"start":{"line":208,"column":6},"end":{"line":208,"column":45}},"86":{"start":{"line":211,"column":6},"end":{"line":213,"column":9}},"87":{"start":{"line":212,"column":8},"end":{"line":212,"column":42}},"88":{"start":{"line":216,"column":6},"end":{"line":216,"column":26}},"89":{"start":{"line":217,"column":6},"end":{"line":235,"column":7}},"90":{"start":{"line":218,"column":8},"end":{"line":218,"column":47}},"91":{"start":{"line":221,"column":8},"end":{"line":221,"column":29}},"92":{"start":{"line":222,"column":8},"end":{"line":227,"column":9}},"93":{"start":{"line":223,"column":10},"end":{"line":223,"column":63}},"94":{"start":{"line":226,"column":10},"end":{"line":226,"column":60}},"95":{"start":{"line":229,"column":8},"end":{"line":234,"column":9}},"96":{"start":{"line":230,"column":10},"end":{"line":233,"column":23}},"97":{"start":{"line":231,"column":12},"end":{"line":231,"column":49}},"98":{"start":{"line":236,"column":6},"end":{"line":238,"column":7}},"99":{"start":{"line":237,"column":8},"end":{"line":237,"column":90}},"100":{"start":{"line":239,"column":6},"end":{"line":239,"column":47}},"101":{"start":{"line":242,"column":6},"end":{"line":282,"column":9}},"102":{"start":{"line":249,"column":10},"end":{"line":249,"column":35}},"103":{"start":{"line":250,"column":10},"end":{"line":250,"column":32}},"104":{"start":{"line":252,"column":10},"end":{"line":280,"column":11}},"105":{"start":{"line":258,"column":12},"end":{"line":258,"column":29}},"106":{"start":{"line":259,"column":12},"end":{"line":259,"column":24}},"107":{"start":{"line":262,"column":12},"end":{"line":276,"column":13}},"108":{"start":{"line":263,"column":14},"end":{"line":263,"column":57}},"109":{"start":{"line":264,"column":14},"end":{"line":265,"column":60}},"110":{"start":{"line":268,"column":14},"end":{"line":272,"column":17}},"111":{"start":{"line":275,"column":14},"end":{"line":275,"column":52}},"112":{"start":{"line":275,"column":32},"end":{"line":275,"column":52}},"113":{"start":{"line":279,"column":12},"end":{"line":279,"column":19}},"114":{"start":{"line":287,"column":6},"end":{"line":295,"column":7}},"115":{"start":{"line":289,"column":8},"end":{"line":289,"column":33}},"116":{"start":{"line":291,"column":8},"end":{"line":294,"column":9}},"117":{"start":{"line":293,"column":12},"end":{"line":293,"column":54}},"118":{"start":{"line":296,"column":6},"end":{"line":296,"column":49}},"119":{"start":{"line":298,"column":6},"end":{"line":334,"column":7}},"120":{"start":{"line":299,"column":8},"end":{"line":299,"column":76}},"121":{"start":{"line":301,"column":8},"end":{"line":307,"column":9}},"122":{"start":{"line":302,"column":10},"end":{"line":306,"column":13}},"123":{"start":{"line":309,"column":8},"end":{"line":309,"column":28}},"124":{"start":{"line":312,"column":8},"end":{"line":312,"column":19}},"125":{"start":{"line":315,"column":8},"end":{"line":316,"column":32}},"126":{"start":{"line":319,"column":8},"end":{"line":323,"column":11}},"127":{"start":{"line":326,"column":8},"end":{"line":330,"column":9}},"128":{"start":{"line":327,"column":10},"end":{"line":327,"column":30}},"129":{"start":{"line":329,"column":10},"end":{"line":329,"column":35}},"130":{"start":{"line":333,"column":8},"end":{"line":333,"column":20}}},"branchMap":{"1":{"line":54,"type":"if","locations":[{"start":{"line":54,"column":6},"end":{"line":54,"column":6}},{"start":{"line":54,"column":6},"end":{"line":54,"column":6}}]},"2":{"line":59,"type":"if","locations":[{"start":{"line":59,"column":6},"end":{"line":59,"column":6}},{"start":{"line":59,"column":6},"end":{"line":59,"column":6}}]},"3":{"line":70,"type":"binary-expr","locations":[{"start":{"line":70,"column":22},"end":{"line":70,"column":47}},{"start":{"line":70,"column":51},"end":{"line":70,"column":55}}]},"4":{"line":76,"type":"if","locations":[{"start":{"line":76,"column":6},"end":{"line":76,"column":6}},{"start":{"line":76,"column":6},"end":{"line":76,"column":6}}]},"5":{"line":78,"type":"if","locations":[{"start":{"line":78,"column":13},"end":{"line":78,"column":13}},{"start":{"line":78,"column":13},"end":{"line":78,"column":13}}]},"6":{"line":149,"type":"if","locations":[{"start":{"line":149,"column":4},"end":{"line":149,"column":4}},{"start":{"line":149,"column":4},"end":{"line":149,"column":4}}]},"7":{"line":157,"type":"if","locations":[{"start":{"line":157,"column":4},"end":{"line":157,"column":4}},{"start":{"line":157,"column":4},"end":{"line":157,"column":4}}]},"8":{"line":160,"type":"cond-expr","locations":[{"start":{"line":160,"column":47},"end":{"line":160,"column":61}},{"start":{"line":160,"column":64},"end":{"line":160,"column":75}}]},"9":{"line":192,"type":"if","locations":[{"start":{"line":192,"column":4},"end":{"line":192,"column":4}},{"start":{"line":192,"column":4},"end":{"line":192,"column":4}}]},"10":{"line":193,"type":"if","locations":[{"start":{"line":193,"column":6},"end":{"line":193,"column":6}},{"start":{"line":193,"column":6},"end":{"line":193,"column":6}}]},"11":{"line":217,"type":"if","locations":[{"start":{"line":217,"column":6},"end":{"line":217,"column":6}},{"start":{"line":217,"column":6},"end":{"line":217,"column":6}}]},"12":{"line":229,"type":"if","locations":[{"start":{"line":229,"column":8},"end":{"line":229,"column":8}},{"start":{"line":229,"column":8},"end":{"line":229,"column":8}}]},"13":{"line":236,"type":"if","locations":[{"start":{"line":236,"column":6},"end":{"line":236,"column":6}},{"start":{"line":236,"column":6},"end":{"line":236,"column":6}}]},"14":{"line":252,"type":"if","locations":[{"start":{"line":252,"column":10},"end":{"line":252,"column":10}},{"start":{"line":252,"column":10},"end":{"line":252,"column":10}}]},"15":{"line":262,"type":"if","locations":[{"start":{"line":262,"column":12},"end":{"line":262,"column":12}},{"start":{"line":262,"column":12},"end":{"line":262,"column":12}}]},"16":{"line":275,"type":"if","locations":[{"start":{"line":275,"column":14},"end":{"line":275,"column":14}},{"start":{"line":275,"column":14},"end":{"line":275,"column":14}}]},"17":{"line":287,"type":"if","locations":[{"start":{"line":287,"column":6},"end":{"line":287,"column":6}},{"start":{"line":287,"column":6},"end":{"line":287,"column":6}}]},"18":{"line":291,"type":"if","locations":[{"start":{"line":291,"column":8},"end":{"line":291,"column":8}},{"start":{"line":291,"column":8},"end":{"line":291,"column":8}}]},"19":{"line":298,"type":"if","locations":[{"start":{"line":298,"column":6},"end":{"line":298,"column":6}},{"start":{"line":298,"column":6},"end":{"line":298,"column":6}}]},"20":{"line":301,"type":"if","locations":[{"start":{"line":301,"column":8},"end":{"line":301,"column":8}},{"start":{"line":301,"column":8},"end":{"line":301,"column":8}}]},"21":{"line":326,"type":"if","locations":[{"start":{"line":326,"column":8},"end":{"line":326,"column":8}},{"start":{"line":326,"column":8},"end":{"line":326,"column":8}}]}},"code":["/*"," * grunt"," * https://github.com/cowboy/grunt"," *"," * Copyright (c) 2012 \"Cowboy\" Ben Alman"," * Licensed under the MIT license."," * http://benalman.com/about/license/"," *"," * Mocha task"," * Copyright (c) 2012 Kelly Miyashiro"," * Licensed under the MIT license."," * http://benalman.com/about/license/"," */","","'use strict';","","// Nodejs libs.","var _             = require('lodash');","var util          = require('util');","var path          = require('path');","var EventEmitter  = require('events').EventEmitter;","var reporters     = require('mocha').reporters;","// Helpers","var helpers       = require('../support/mocha-helpers');","","module.exports = function(grunt) {","  // External lib.","  var phantomjs = require('grunt-lib-phantomjs').init(grunt);","","  var reporter;","","  // Growl is optional","  var growl;","  try {","    growl = require('growl');","  } catch(e) {","    growl = function(){};","    grunt.verbose.write('Growl not found, \\'npm install growl\\' for Growl support');","  }","","  // Get an asset file, local to the root of the project.","  var asset = path.join.bind(null, __dirname, '..');","","  // Manage runners listening to phantomjs","  var phantomjsEventManager = (function() {","    var listeners = {};","    var suites = [];","","    // Hook on Phantomjs Mocha reporter events.","    phantomjs.on('mocha.*', function(test) {","      var name, fullTitle, slow, err;","      var evt = this.event.replace('mocha.', '');","","      if (evt === 'end') {","        phantomjs.halt();","      }","","      // Expand test values (and façace the Mocha test object)","      if (test) {","        fullTitle = test.fullTitle;","        test.fullTitle = function() {","          return fullTitle;","        };","","        slow = this.slow;","        test.slow = function() {","          return slow;","        };","","        test.parent = suites[suites.length - 1] || null;","        test.isPending = function () { return test.pending; };","","        err = test.err;","      }","","      if (evt === 'suite') {","          suites.push(test);","      } else if (evt === 'suite end') {","          suites.pop(test);","      }","","      // Trigger events for each runner listening","      for (name in listeners) {","        listeners[name].emit.call(listeners[name], evt, test, err);","      }","    });","","    return {","      add: function(name, runner) {","        listeners[name] = runner;","      },","      remove: function(name) {","        delete listeners[name];","      }","    };","  }());","","  // Built-in error handlers.","  phantomjs.on('fail.load', function(url) {","    phantomjs.halt();","    grunt.verbose.write('Running PhantomJS...').or.write('...');","    grunt.log.error();","    grunt.warn('PhantomJS unable to load \"' + url + '\" URI.', 90);","  });","","  phantomjs.on('fail.timeout', function() {","    phantomjs.halt();","    grunt.log.writeln();","    grunt.warn('PhantomJS timed out, possibly due to a missing Mocha run() call.', 90);","  });","","  // Debugging messages.","  phantomjs.on('debug', grunt.log.debug.bind(grunt.log, 'phantomjs'));","","  // ==========================================================================","  // TASKS","  // ==========================================================================","","  grunt.registerMultiTask('mocha', 'Run Mocha unit tests in a headless PhantomJS instance.', function() {","","    var dest = this.data.dest;","    // Merge task-specific and/or target-specific options with these defaults.","    var options = this.options({","      // Output console.log calls","      log: false,","      // Mocha reporter","      reporter: 'Dot',","      // Default PhantomJS timeout.","      timeout: 5000,","      // Mocha-PhantomJS bridge file to be injected.","      inject: asset('phantomjs/bridge.js'),","      // Main PhantomJS script file","      phantomScript: asset('phantomjs/main.js'),","      // Explicit non-file URLs to test.","      urls: [],","      // Fail with grunt.warn on first test failure","      bail: false,","      // Log script errors as grunt errors","      logErrors: false,","      // Growl notification when tests pass.","      growlOnSuccess: true,","      // Run tests, set to false if you would rather call `mocha.run` yourself","      // due to async loading of your assets.","      run: true,","      reporterOptions: { output: dest },","    });","","    // Output console messages if log == true","    if (options.log) {","      phantomjs.removeAllListeners(['console']);","      phantomjs.on('console', grunt.log.writeln);","    } else {","      phantomjs.off('console', grunt.log.writeln);","    }","","    // Output errors on script errors","    if (options.logErrors) {","      phantomjs.on('error.*', function(error, stack) {","        var formattedStack = _.map(stack, function(frame) {","          return \"    at \" + (frame.function ? frame.function : \"undefined\") + \" (\" + frame.file + \":\" + frame.line + \")\";","        }).join(\"\\n\");","        grunt.fail.warn(error + \"\\n\" + formattedStack, 3);","      });","    }","","    var optsStr = JSON.stringify(options, null, '  ');","    grunt.verbose.writeln('Options: ' + optsStr);","","    // Clean Phantomjs options to prevent any conflicts","    var PhantomjsOptions = _.omit(options, 'reporter', 'urls', 'log', 'bail');","","    var phantomOptsStr = JSON.stringify(PhantomjsOptions, null, '  ');","    grunt.verbose.writeln('Phantom options: ' + phantomOptsStr);","","    // Combine any specified URLs with src files.","    var urls = options.urls.concat(_.compact(this.filesSrc));","","    // Remember all stats from all tests","    var testStats = [];","","    // This task is asynchronous.","    var done = this.async();","","    // Hijack console.log to capture reporter output","    var output = [];","    var consoleLog = console.log;","","    // Only hijack if we really need to","    // Some \"good\" reporters like XUnit accept an `output` option","    // and we pass `dest` there but there's no good way to detect","    // if a reporter supports this so stub out console.log just in case.","    if (dest) {","      if (grunt.file.isFile(dest)) {","        grunt.file.delete(dest);","      }","      console.log = function() {","        consoleLog.apply(console, arguments);","        output.push(util.format.apply(util, arguments));","      };","    }","","    // Process each filepath in-order.","    grunt.util.async.forEachSeries(urls, function(url, next) {","      grunt.log.writeln('Testing: ' + url);","","      // create a new mocha runner façade","      var runner = new EventEmitter();","      phantomjsEventManager.add(url, runner);","","      // Clear runner event listener when test is over","      runner.on('end', function() {","        phantomjsEventManager.remove(url);","      });","","      // Set Mocha reporter","      var Reporter = null;","      if (reporters[options.reporter]) {","        Reporter = reporters[options.reporter];","      } else {","        // Resolve external reporter module","        var externalReporter;","        try {","          externalReporter = require.resolve(options.reporter);","        } catch (e) {","          // Resolve to local path","          externalReporter = path.resolve(options.reporter);","        }","","        if (externalReporter) {","          try {","            Reporter = require(externalReporter);","          }","          catch (e) { }","        }","      }","      if (Reporter === null) {","        grunt.fatal('Specified reporter is unknown or unresolvable: ' + options.reporter);","      }","      reporter = new Reporter(runner, options);","","      // Launch PhantomJS.","      phantomjs.spawn(url, {","        // Exit code to use if PhantomJS fails in an uncatchable way.","        failCode: 90,","        // Additional PhantomJS options.","        options: PhantomjsOptions,","        // Do stuff when done.","        done: function(err) {","          var stats = runner.stats;","          testStats.push(stats);","","          if (err) {","            // Show Growl notice","            // @TODO: Get an example of this","            // growl('PhantomJS Error!');","","            // If there was a PhantomJS error, abort the series.","            grunt.fatal(err);","            done(false);","          } else {","            // If failures, show growl notice","            if (stats.failures > 0) {","              var reduced = helpers.reduceStats([stats]);","              var failMsg = reduced.failures + '/' + reduced.tests +","                ' tests failed (' + reduced.duration + 's)';","","              // Show Growl notice, if avail","              growl(failMsg, {","                image: asset('growl/error.png'),","                title: 'Failure in ' + grunt.task.current.target,","                priority: 3","              });","","              // Bail tests if bail option is true","              if (options.bail) grunt.warn(failMsg);","            }","","            // Process next file/url","            next();","          }","        }","      });","    },","","    // All tests have been run.","    function() {","      if (dest) {","        // Restore console.log to original and write the output","        console.log = consoleLog;","","        if (!grunt.file.exists(dest)) {","            // Write only if our reporter ignored our `output` option","            grunt.file.write(dest, output.join('\\n'));","        }","      }","      var stats = helpers.reduceStats(testStats);","","      if (stats.failures === 0) {","        var okMsg = stats.tests + ' passed!' + ' (' + stats.duration + 's)';","","        if (options.growlOnSuccess) {","          growl(okMsg, {","            image: asset('growl/ok.png'),","            title: okMsg,","            priority: 3","          });","        }","","        grunt.log.ok(okMsg);","","        // Async test pass","        done(true);","","      } else {","        var failMsg = stats.failures + '/' + stats.tests + ' tests failed (' +","          stats.duration + 's)';","","        // Show Growl notice, if avail","        growl(failMsg, {","          image: asset('growl/error.png'),","          title: failMsg,","          priority: 3","        });","","        // Bail tests if bail option is true","        if (options.bail) {","          grunt.warn(failMsg);","        } else {","          grunt.log.error(failMsg);","        }","","        // Async test fail","        done(false);","      }","    });","  });","};",""],"l":{"18":1,"19":1,"20":1,"21":1,"22":1,"24":1,"26":1,"28":0,"30":0,"33":0,"34":0,"35":0,"37":0,"38":0,"42":0,"45":0,"46":0,"47":0,"50":0,"51":0,"52":0,"54":0,"55":0,"59":0,"60":0,"61":0,"62":0,"65":0,"66":0,"67":0,"70":0,"71":0,"73":0,"76":0,"77":0,"78":0,"79":0,"83":0,"84":0,"88":0,"90":0,"93":0,"99":0,"100":0,"101":0,"102":0,"103":0,"106":0,"107":0,"108":0,"109":0,"113":0,"119":0,"121":0,"123":0,"149":0,"150":0,"151":0,"153":0,"157":0,"158":0,"159":0,"160":0,"162":0,"166":0,"167":0,"170":0,"172":0,"173":0,"176":0,"179":0,"182":0,"185":0,"186":0,"192":0,"193":0,"194":0,"196":0,"197":0,"198":0,"203":0,"204":0,"207":0,"208":0,"211":0,"212":0,"216":0,"217":0,"218":0,"221":0,"222":0,"223":0,"226":0,"229":0,"230":0,"231":0,"236":0,"237":0,"239":0,"242":0,"249":0,"250":0,"252":0,"258":0,"259":0,"262":0,"263":0,"264":0,"268":0,"275":0,"279":0,"287":0,"289":0,"291":0,"293":0,"296":0,"298":0,"299":0,"301":0,"302":0,"309":0,"312":0,"315":0,"319":0,"326":0,"327":0,"329":0,"333":0}}}